4.166071728612771530e+00 5.962754872265206174e+00
5.901268055040209681e-01 2.668547497893305032e+00
8.594003797265303390e+00 1.146964053049192778e+01
5.062955016497273419e+00 6.706054072272006117e+00
2.531586814087582127e+00 4.541153970570669607e+00
6.546738199285511151e+00 7.518165098821275372e+00
7.364378351818126056e+00 8.593225535899211565e+00
2.684652200389421317e+00 4.547310294256167396e+00
8.751303817417673159e+00 1.056395715430226012e+01
4.975255458304723710e+00 6.579039075200350695e+00
5.588809459904786614e+00 7.888888881531332942e+00
3.466408996215052163e+00 5.560779020292240915e+00
9.076218475573606170e+00 1.214361788142300114e+01
4.792748329580109878e-01 2.376930038460986161e+00
2.540407149287085886e+00 4.470372357568675348e+00
5.589604432812141255e+00 6.776795243580324701e+00
2.205888551534892272e+00 4.169133308876793897e+00
9.938047972857154022e+00 1.291277865811094827e+01
5.177761984353345781e+00 7.138580119622469411e+00
4.313147041118128300e+00 5.715391266403022641e+00
3.345575468986629275e+00 5.457751766260218851e+00
5.782403332142819430e+00 7.733416105088783965e+00
3.744113568983861384e+00 6.107937598526134160e+00
4.745319473299117519e+00 6.204248229570511697e+00
4.364125577912951748e+00 5.534837468766301782e+00
7.242829087559990775e+00 8.912873947969051969e+00
4.252452122297767367e+00 6.848276857867821477e+00
9.496242044198492493e+00 1.084202366100208259e+01
2.519393781084668937e+00 5.006857235843916953e+00
2.807167482822260141e+00 4.704263455553212125e+00
4.323632578050753850e+00 6.812883564061267272e+00
7.599965393569464212e+00 8.976856121053543802e+00
5.860582544418320161e+00 8.585430704890438136e+00
7.651951401425508337e+00 9.405751880958439060e+00
8.626679461593136367e+00 1.071966955876389171e+01
2.219131492644221826e+00 4.686303039941480009e+00
6.194748764420380027e+00 7.900358436263310580e+00
1.015828355566483765e-01 2.114231626861212909e+00
3.591967126199619997e+00 5.929762344756140280e+00
6.716058388174849014e+00 9.055949305066871347e+00
6.752879225597049562e+00 8.726327966622271504e+00
6.010411414655207452e+00 7.918453222724382456e+00
6.864489384175533893e+00 9.521113640541932099e+00
8.774464924041215141e+00 1.036086854507298405e+01
6.483567228113736647e+00 8.541412700020904580e+00
5.324614224444981225e+00 7.418966204850805823e+00
6.095594895384005341e+00 7.893468275883794405e+00
3.678573423326899849e+00 6.270769051764122359e+00
7.259312950920574714e+00 8.337464542771659382e+00
4.271066362273998607e+00 5.840581507403475925e+00
6.096493785864947057e+00 8.613591659611781637e+00
4.542139275257921938e+00 6.411153361192681643e+00
9.028986577704310790e+00 1.068343589949011196e+01
2.265666167421177768e+00 3.921412901115378435e+00
9.130547829160404305e+00 1.066298159348153263e+01
8.165188409171085127e+00 1.039961698514781041e+01
6.490395301746357148e+00 7.841948544366804441e+00
6.778112908627381472e+00 9.909495601585042834e+00
8.090141974404842173e+00 9.674491593003144985e+00
1.963847446892343918e+00 4.223698091437048774e+00
5.995571791506772108e+00 7.801757701736527828e+00
7.264103241748378181e+00 1.007339557205179048e+01
4.838072857572210062e+00 6.951650440100319628e+00
9.681939906245544236e+00 1.069708894874934835e+01
2.188198576111538785e+00 3.793581935868754140e+00
7.483194103248507645e+00 1.001589872981200990e+01
9.163776982597207521e+00 1.089442727058269256e+01
3.718097110081408641e-01 2.369436941153391096e+00
9.443118736664992241e+00 1.103919401484377794e+01
3.487433930371870439e+00 5.764154776723641405e+00
3.156797130524734207e+00 5.064883062359035293e+00
9.860205459797924732e+00 9.804481571625361269e+00
5.693848467929640833e-02 2.062639109116160885e+00
8.254106491362001030e-01 2.741933466858749391e+00
2.381041503410452620e-02 2.021614968610734309e+00
7.613914794849114820e+00 1.001742975406219749e+01
5.657147342148000746e+00 6.950672249278023074e+00
4.737314754395675287e+00 5.413129567991628477e+00
3.761761100467853058e+00 5.175535443894274223e+00
9.687642804584784884e+00 1.178372977949255329e+01
5.642337316408154280e+00 7.570901093192152764e+00
2.313957656641577820e+00 4.043559416656655081e+00
4.678459614613968753e+00 6.952145011946302411e+00
4.239130472485214796e+00 6.900320548006039445e+00
3.504755524788997434e+00 5.539337403165830231e+00
6.493647810418481825e+00 8.439812854628652161e+00
1.957656585704431462e+00 4.206705559954515117e+00
1.368923463897597781e+00 3.306061064350149348e+00
1.919699952902190754e+00 3.861176593260736034e+00
7.602880704389144206e+00 9.427581582433266050e+00
7.797474642420175961e+00 9.548459623057766521e+00
2.441304678942088913e+00 4.321657348359957851e+00
8.790451193454082102e+00 1.032926544999593688e+01
8.425438974717343044e+00 9.638724740836890348e+00
1.019085505815904291e+00 3.006919887175873551e+00
6.575039163633908501e+00 8.992759335522620745e+00
2.512006510776233270e+00 4.879009093781854212e+00
7.380453126116320206e+00 9.077243542648325558e+00
4.833167833184451645e+00 6.727469276555152256e+00
2.052698613827417251e+00 4.348064553707591706e+00
9.470479324169776447e+00 1.097358828548671639e+01
5.733616017672207299e+00 7.424404896729639880e+00
2.041736428436087269e+00 3.939736214366735378e+00
4.417814303584103541e+00 6.654180738162951414e+00
9.163569390620237343e+00 1.055157194452451641e+01
9.674666122433501769e+00 1.135285335428457820e+01
1.649737445016481452e+00 3.665317545058566218e+00
9.162204724550299773e+00 9.717681064678867386e+00
3.417479594995883829e+00 5.308663232079927852e+00
3.706633605064006076e+00 5.621011240300824774e+00
2.541052797971226074e+00 4.696297932300590894e+00
1.865910883910278928e+00 3.972866013448430156e+00
9.315314563141095405e+00 1.134800639376832265e+01
6.622343154743905558e+00 8.794483578026971671e+00
5.218077398436327119e-01 2.494800026246941638e+00
7.579458096266086464e+00 9.369937282065716744e+00
2.813465789245127802e+00 4.274907357686618781e+00
9.991508396075483134e+00 1.070727012566748115e+01
2.021388676053754718e+00 4.160533111228938985e+00
8.648527034916330791e+00 1.083292515988726912e+01
9.707605871870461201e+00 1.004730636565248858e+01
3.863184385427530287e+00 5.647591122170579681e+00
9.844638053264800348e+00 1.221180186585954530e+01
9.190811763175265270e+00 1.167604700490288749e+01
4.122289044205840192e-01 2.397064323033560651e+00
1.673440694523644634e+00 3.954323838788306400e+00
7.100779378355055016e+00 8.890827496735997926e+00
6.936750921684337712e+00 9.062293491915053067e+00
6.150662421740985764e+00 7.765683550394189005e+00
1.156675632342650806e+00 3.312039122736065266e+00
4.257526692889662456e+00 6.140585442091520463e+00
8.210473426814795417e+00 1.093196181704128733e+01
9.191318219450778315e+00 1.202146001270060971e+01
8.305846094509956146e+00 1.032928072156288835e+01
3.765802325444132848e+00 5.509359415220353107e+00
9.135362889014670529e+00 1.120096650051721276e+01
2.586328322687524661e+00 4.820582190739132855e+00
9.155167795488127425e+00 1.164336397590871641e+01
5.958300516468373331e+00 9.315133647827519070e+00
1.922221277116443749e+00 4.110524022839180169e+00
4.187774835482564129e+00 6.588370121685104941e+00
7.336676228665636401e+00 9.667923860665393221e+00
8.501631296436602980e+00 9.848087523546841027e+00
2.049060010496517314e+00 3.722255023275621522e+00
9.645408338823990846e-01 3.102704929607218443e+00
3.235893828247871085e+00 4.993448705688463996e+00
8.478648763268781252e-01 2.849395305597998806e+00
6.493817050427565185e+00 8.587860524156884168e+00
5.760189954067776341e+00 8.911362275943414346e+00
2.729770536580276019e+00 4.391952412398081762e+00
3.129414302239792445e+00 5.076946828861343519e+00
9.224314433499550603e+00 1.128954506862019613e+01
3.578638130540556794e-01 2.322865577128852443e+00
2.002753696592189936e+00 4.172243897998089146e+00
6.211590593654745973e+00 7.570590762430777332e+00
3.453408110701319256e+00 5.753458479215717070e+00
9.829601953259448077e-01 2.932159179427158868e+00
2.890551698379164591e+00 4.610981071305134904e+00
3.828479929687230943e+00 5.300453538823304278e+00
4.846539113524004350e+00 6.751193089531994929e+00
3.221349140938924993e+00 5.693952383449810029e+00
5.280485038769796802e+00 7.979026862938765952e+00
3.133528690324824950e+00 5.267642631847376578e+00
6.140142376387025536e-01 2.679372565142240425e+00
6.749009195147646523e+00 8.963137941706715850e+00
8.026750038578822632e-01 2.726712809192332276e+00
8.581434802465659484e-01 2.980311370579908470e+00
4.633510389669030616e+00 6.203210733487241058e+00
3.061079392092430851e+00 4.884744230442421120e+00
4.793886779850565993e+00 6.903870962538595890e+00
2.952320831133141699e+00 5.041974379865634681e+00
5.874795554124244035e+00 8.559454284935123169e+00
8.454515686330877244e+00 8.812839725027497906e+00
5.905733302520086880e+00 7.416505072393240638e+00
6.601893680366749173e+00 8.550135972897225045e+00
6.579378767909059178e+00 9.401104181520956615e+00
1.288393567398381512e+00 3.352683413906627941e+00
3.843376157880439514e+00 5.964258799060467631e+00
3.243947277136812524e+00 5.065342778332211360e+00
9.190810016929196191e-01 3.037186857150023567e+00
2.284918853418698159e+00 4.528594715116340375e+00
7.039709273704883863e+00 1.005182871818756496e+01
7.668136210841307587e+00 1.022223332541787499e+01
7.483888204923419885e+00 9.425375930681026304e+00
8.658426541171595048e+00 9.832784317884952330e+00
7.536247324144856208e+00 9.947053025160300876e+00
8.314043284945842771e+00 1.156123046371818930e+01
5.018347843827481114e+00 6.983760241133893487e+00
2.700699050321460071e+00 5.037431422754124810e+00
9.124855685843613617e-01 2.933390868933487994e+00
4.912124431270971314e+00 7.571860559656279577e+00
9.460130465206354700e+00 1.123722938908407798e+01
4.308482669169643842e+00 7.075649844743616690e+00
6.803464521375742535e+00 9.026374947062809184e+00
3.614765185127604141e+00 5.362562856904432351e+00
6.313349956940904839e+00 7.797154024814960671e+00
8.334374765505408789e+00 1.028524174640237021e+01
4.277412203888503406e+00 6.162045240873059271e+00
8.574182665299755257e+00 1.274712124798662138e+01
2.439223616631825742e+00 4.389501050278656002e+00
1.322481117840423881e+00 3.278625506847024695e+00
8.857023060737823528e+00 1.193797987504201430e+01
6.299591768730400609e+00 8.146576629130381164e+00
6.422411635386959805e-01 2.674467838190984104e+00
3.871958497499542240e+00 6.802631022572201758e+00
5.283272275031852594e+00 7.325019184616074597e+00
9.070350966055441333e+00 1.183161773018276008e+01
7.495378567118678781e+00 8.920177393256999210e+00
6.225461615890235834e+00 8.260712380061059790e+00
7.090958698566197427e+00 7.681999581461431248e+00
5.002088952047639481e+00 6.463632057254875107e+00
1.962601680789388681e-01 2.211280920125341609e+00
2.570197077121227913e-01 2.246477936580556278e+00
2.301437026192643120e+00 4.270524565088821944e+00
1.284432246279232359e-01 2.118084791750758811e+00
1.024586795431104980e+00 3.002397965168243754e+00
3.569068690979789515e+00 5.935729544356438403e+00
1.932356871116033270e+00 3.766366225244361932e+00
9.330292393324736366e+00 1.142666309905895972e+01
6.037083463136587724e+00 8.805277969433607410e+00
2.993960093683342372e+00 5.139628778674831366e+00
2.434966345366496032e+00 4.612831333388117905e+00
9.556144372849162849e+00 1.198365875376629397e+01
4.867081965879865635e+00 6.990318593830335381e+00
1.761202156423794518e+00 3.572451258777053607e+00
7.829512596643165345e+00 1.047166860666118637e+01
1.681667845221227475e+00 3.800876589225579139e+00
1.776878586387782288e+00 4.035216128239026645e+00
5.771847688514275543e-01 2.595715940319895942e+00
9.496328219588374253e+00 1.133149989398145507e+01
4.310875089148566097e+00 6.167001387411927382e+00
8.740079483751916456e+00 1.067832169416709753e+01
5.118127251603581840e+00 7.161366123694654640e+00
8.940109821744497864e+00 1.123967050136152324e+01
8.455237200343804105e+00 1.138365782562978090e+01
4.059600039878029420e+00 5.437250884626150693e+00
2.592048940401246782e+00 4.685778544972962756e+00
5.945716378651979994e+00 7.983269811056702636e+00
9.895530061649701281e+00 1.116620177771269162e+01
1.437529652138661573e+00 3.162166406573605482e+00
9.689517864586283835e+00 1.301916720491356294e+01
2.678629551201159309e+00 4.550448739024234968e+00
6.520244059590081243e+00 9.075371179923259035e+00
3.779626284132637792e+00 5.575708109850488370e+00
4.507794999637360966e+00 6.345952523082273089e+00
9.838731316788399184e+00 1.141404170066039114e+01
6.059123320607310070e+00 7.617385416520776609e+00
2.026862497162697174e+00 4.186900071572408955e+00
1.164783625937043654e+00 3.244119515726620939e+00
7.046483582470628448e+00 9.142968051833621601e+00
7.923196521611467702e+00 9.879065302436194074e+00
4.612385385626442513e+00 6.821776189723557593e+00
5.218112064072577994e+00 6.998937216263362515e+00
3.455373724763532994e+00 5.317277057790398942e+00
9.703475287714001141e+00 1.083628055580169125e+01
9.876457204975665150e+00 1.032932842302462717e+01
5.895544735463995600e+00 7.345169401770228035e+00
1.075656209949260589e+00 3.083887404594168213e+00
5.093757186438815587e+00 6.827597084032167807e+00
6.481680155155270739e+00 8.205289455542168042e+00
1.575008203961369979e-01 2.127863354639303317e+00
4.016068213086716909e+00 5.733743217057624797e+00
9.822294909970384680e+00 1.104722959813745931e+01
1.563845823584580907e+00 3.507799179257940825e+00
8.583281645759392120e+00 1.015150230632919204e+01
4.397312083749898015e+00 6.600496911883591444e+00
8.248837551856114558e+00 1.110214803426771191e+01
7.030035968503707267e+00 1.009204737619941916e+01
3.044408492223017682e+00 5.340495291024572211e+00
3.110086853626662595e+00 5.041271598108989949e+00
4.262002199248341228e+00 5.714544488794216726e+00
4.752825259848853179e+00 6.565446694855417320e+00
6.814605684837063748e+00 8.997689858435208521e+00
5.155191006101606632e+00 7.464419172588315554e+00
8.734590715757285295e+00 1.052401145390853188e+01
4.468227724201624618e+00 6.218057636392911647e+00
6.052711357779538837e+00 8.555006636051199820e+00
8.912425998412658146e+00 1.162296669795850512e+01
7.912462433596768818e+00 9.815487255226287289e+00
5.751967148152907328e+00 7.240399160310325932e+00
5.542122780090815937e+00 7.988977749616775981e+00
6.538736232286779249e-01 2.672693720882298951e+00
9.263547448994039257e+00 9.980074982651693460e+00
1.359718637337331559e+00 3.534784012918599672e+00
3.767622800418661821e+00 5.419753836900108368e+00
4.701138625608503041e+00 7.454223347842996894e+00
7.114573147219807936e+00 9.783513844299426054e+00
1.582210618886503717e-01 2.145983871029199630e+00
7.792462103116031713e+00 9.196515539892551772e+00
8.391830233384853344e+00 1.130844687239726376e+01
3.663584596894366108e+00 5.554631014681409518e+00
8.485508470401246228e+00 1.081088986975450972e+01
5.705947575593444121e+00 8.235397380033864678e+00
4.335546277952979644e+00 7.207158752476347630e+00
2.316431050663099178e+00 4.229207671986954686e+00
5.514739187285382371e+00 7.829832011897289945e+00
7.282001411049772166e+00 9.481987856633349310e+00
9.305270880017916468e+00 1.059693738892935855e+01
9.958374378401556370e+00 1.239257726058804820e+01
2.146910500203155436e+00 4.247351527219891842e+00
3.042348066038897958e+00 5.447880736477727304e+00
5.360210316410833009e+00 7.234374442536214644e+00
4.904179894526334849e+00 7.560543626034460729e+00
5.909509489045108310e+00 8.821902022117095399e+00
4.087033825002980514e+00 6.382133037865817649e+00
2.585926142187195964e+00 4.223250152011226000e+00
3.474037383059069839e-02 2.036031830667160758e+00
4.740207381089480698e+00 7.144564689304937488e+00
5.347509376686660154e+00 7.639545656697377396e+00
6.261230165486638910e+00 8.032123496305812793e+00
2.160975568180765194e+00 4.128759771037286086e+00
5.434265042076295238e+00 8.520968251060168086e+00
5.213985362723313699e+00 6.886476103780321267e+00
5.644325862459568022e+00 8.258037501061703978e+00
4.534513429377913241e+00 6.470086590450346620e+00
6.832877038280974702e+00 7.727891041551699480e+00
5.344356028021479688e-01 2.527912713010257217e+00
7.005561357466905115e-01 2.608020288529524944e+00
2.721076416269116116e+00 4.606844951546595013e+00
3.584152404035051198e+00 5.193581057804837364e+00
9.260899837954969627e+00 1.258362401055032009e+01
9.014214255514728436e+00 1.056761306472860440e+01
8.796878259179770509e+00 1.128230775071833136e+01
3.041064606438616202e+00 4.900679802474464886e+00
2.943138303088978169e+00 5.012111234552507177e+00
4.810787680286924939e+00 6.295240037868204297e+00
4.606071006079424102e+00 6.666421994048826072e+00
8.525170837600130724e+00 1.089488985419005651e+01
7.743709933908544230e+00 9.936580641191749663e+00
3.899054475835440847e+00 6.184951908739297011e+00
9.726605719370876812e+00 1.231567336631263743e+01
4.192377881306256882e+00 5.973403565956134642e+00
2.018154346692257128e+00 4.235027085400033364e+00
9.425586655651296830e-02 2.093904787315465033e+00
7.586804042188557418e+00 9.539980927597603966e+00
1.645734849614259865e+00 3.516867104251662823e+00
7.630389662733236378e+00 9.854829951204946425e+00
2.402252606985666450e-01 2.232799621391675426e+00
5.193489722140338216e+00 7.310629866445200520e+00
8.193697765368488817e+00 8.485902584193414810e+00
7.515901011467929216e-02 2.075922882330987207e+00
8.571770611743191992e+00 9.932865856336654531e+00
8.116357883044928556e+00 9.743067837338230675e+00
8.287780137973140171e+00 9.937664950352095516e+00
1.640451202660064833e-01 2.154306697930238546e+00
6.631192226251747535e-01 2.633260192796652355e+00
9.827501076901439703e+00 1.192125734533050618e+01
3.835286854968873449e+00 6.557355261320435780e+00
1.091192957633865257e+00 3.172916808546060619e+00
3.557606177181018570e+00 5.897864316125050799e+00
3.502456312544128814e+00 5.338003153151653635e+00
8.043116271370054804e+00 9.885863262198704149e+00
5.417055192595459978e+00 7.233249745309493051e+00
6.692027273446793600e+00 8.638446525060945902e+00
9.732477960649530857e+00 1.084038916056812063e+01
2.091450343974839754e+00 3.938538670982157708e+00
5.432404956053846767e+00 6.951463467785497841e+00
8.612633102858819001e+00 1.063700177784417988e+01
2.570198344291804382e+00 4.406622621545497331e+00
9.045800875055201473e+00 1.024010578786138304e+01
6.103351968827619434e-01 2.561866177931713562e+00
8.774991479069251810e+00 1.093714612067875969e+01
3.541336099885191935e+00 5.895972751929423161e+00
1.653403872001617536e+00 3.637050222002171207e+00
3.990080285653782255e+00 5.811369830227461009e+00
7.765579965485580605e-01 2.824151922510001800e+00
1.771624576805668205e+00 3.538436085360616712e+00
6.309666485341670850e+00 8.723515297803803747e+00
4.178284555048880300e+00 5.382832549858863835e+00
8.513569284926247871e-01 2.749367369134715577e+00
7.168933078447883744e+00 9.371318754645230342e+00
1.048343232013114745e+00 3.126765066396149262e+00
7.566445485198755705e+00 1.034823177553379736e+01
2.723085063676303541e+00 4.818298185131921763e+00
9.821434285799341524e+00 1.014404965432006556e+01
1.893007036343095084e+00 3.592915928845229701e+00
3.899217331378822315e+00 6.582871691764215605e+00
3.860014932390078979e+00 6.013084494614596487e+00
5.401207382811007207e+00 7.222622941732658397e+00
4.914219731124016555e+00 6.577183570385225053e+00
2.236081765906806851e+00 4.347101052596147319e+00
6.694409696178698965e+00 8.467088205873682938e+00
2.248383746285442797e-01 2.246001467506931082e+00
8.749154180790142732e+00 1.134229893209018059e+01
1.649482766950635115e+00 3.677523644975976946e+00
4.225367640219229948e+00 6.201088620351469238e+00
9.418865685013589228e+00 1.264377572685513051e+01
9.264033693942227643e+00 1.279129994734952547e+01
1.237219649469745164e-01 2.126236728009135213e+00
7.274020538883379849e+00 1.030486572746350049e+01
3.856853322344703017e+00 5.548458800150736892e+00
5.197191869829827837e+00 7.946109943775153006e+00
1.649803363673792989e+00 3.719096547505664319e+00
6.817476929785706297e+00 9.410159398210852899e+00
6.540148284886494245e+00 7.753654013171254356e+00
9.630452851790947122e+00 1.246036941899721207e+01
6.825654042568895186e+00 9.170172999400223901e+00
4.394210767582381827e+00 6.689362886676761377e+00
9.696594242920063778e+00 1.366637329082543140e+01
6.727163454877897131e+00 7.838998769907751907e+00
9.119098563940646329e+00 1.029772327402885068e+01
6.208865314943659008e+00 7.893311955989069872e+00
7.790119465627225459e+00 1.010407932439667356e+01
2.664167533554832268e+00 4.536755372377421658e+00
3.188800142850939601e+00 5.263510361646387636e+00
9.194831194452557810e+00 1.150404946008936946e+01
2.907863542501645249e+00 4.748875672097433664e+00
4.502059068364419048e+00 7.263348405200789060e+00
9.707478221039060884e+00 1.130596164827621841e+01
3.403964159201949613e+00 5.487054119529335416e+00
9.181122503399709700e+00 1.012081898316021800e+01
1.307832315690896641e+00 3.180514322982892494e+00
8.751292363188339252e+00 1.088991387319178905e+01
3.203619794504870555e+00 4.807886124302541475e+00
3.774761572290019629e+00 6.015340145645474479e+00
5.595147439073446805e+00 7.458989562190637024e+00
6.178110488424676028e+00 7.972637681111189423e+00
8.202702467022806587e+00 1.045373190867576163e+01
5.829452915539081737e+00 8.032339411466173473e+00
7.993748990934377296e+00 1.008767603791246259e+01
2.997658889210752520e+00 5.041783421243982488e+00
6.236198226383066867e+00 8.691167218706846498e+00
1.086501544018382281e+00 3.171421121222901540e+00
7.596564538145892165e+00 9.979157045364754453e+00
8.358725835719071906e-01 2.837173105515342630e+00
7.694860272748728747e+00 1.069656522139959165e+01
6.628390752958676302e+00 8.916817260253841582e+00
2.995656601131454266e+00 5.313536010596097370e+00
6.189869752915111434e-01 2.520973757904698243e+00
5.191312387686120022e-01 2.534763999355013286e+00
2.708803712231219407e+00 4.518031799453480879e+00
2.580463095803242624e+00 4.257921690530399594e+00
4.863870316493013046e-01 2.587523940081260410e+00
3.494436545143675410e-01 2.347953818228716294e+00
9.760628984367112793e+00 1.200170203625272869e+01
1.859350420265348802e-01 2.210778655443021545e+00
8.706891414258577377e-01 2.981759050304855219e+00
1.970420755149850933e+00 4.128729412328484116e+00
7.500993444547551903e+00 8.580729336941857355e+00
4.530608284082708437e+00 6.965732367599383856e+00
7.732150456362495206e+00 9.411055014959405440e+00
8.101038278621995659e+00 1.028867844444026325e+01
5.335820134737062403e+00 6.861790062622208808e+00
6.699015862781417141e+00 8.562569977723732961e+00
9.520588855161239650e+00 1.095447290742031754e+01
7.405254853963031181e+00 8.523922929592632869e+00
8.443598232348952237e+00 9.578394353362034153e+00
6.179287990487668303e+00 8.388555943354834454e+00
5.093844261868900603e+00 6.955823508607428707e+00
9.576796257107458743e+00 1.077129974181446137e+01
5.989743455394044069e+00 7.806403079182621774e+00
5.576335852637472890e+00 7.357058975692285507e+00
9.852985683938612738e+00 9.480080675730462758e+00
9.159499254161207915e+00 1.252147211905497315e+01
2.301433663643424943e+00 4.195875295682577111e+00
6.892085387207883329e+00 9.010130151920057173e+00
2.638016476815213451e+00 4.441577949374377887e+00
1.212310211971023843e-01 2.118092732923464894e+00
3.507118730309638721e+00 5.137822583712444491e+00
2.678793882615349009e-01 2.276723156604123055e+00
5.677294957009185516e+00 7.551407588903332524e+00
9.978310572666730494e+00 1.092847523681594879e+01
3.181353050365423041e+00 5.726674780375168972e+00
5.547100138456525720e+00 7.535059364141277527e+00
2.799224149996858202e+00 5.074096800699023468e+00
6.978818296772822727e+00 9.526888478053535891e+00
1.213010592882086680e+00 3.081582237830299054e+00
7.700980337530798359e+00 9.067390298680020777e+00
5.322274050940674073e+00 7.281165367327359306e+00
9.290617952633104082e+00 1.179641667290077578e+01
2.046316545163056944e+00 4.213998812096303226e+00
9.340353601585530186e+00 1.161222461379368021e+01
9.613428571935175526e+00 1.157414668173622907e+01
6.768661615669668841e+00 8.943839425506576291e+00
3.506011293343033408e+00 5.470236950385504393e+00
5.955868843129597856e+00 8.283177999741932140e+00
5.120698736232411008e+00 6.935642034346114926e+00
7.598789859552469217e+00 1.043988664903371877e+01
2.959389007530438320e+00 4.773455650263404237e+00
8.249311022532586080e+00 8.823690336134150769e+00
2.924653386704223479e-02 2.029881683989045449e+00
5.315587989835961480e+00 7.866392140687199941e+00
9.104529685097549674e+00 1.134647986978727729e+01
6.340765078384213993e-03 2.007211969197169932e+00
8.715953903263359948e+00 1.065729922631224191e+01
1.293425255525031403e+00 3.183272021396977625e+00
1.772364754465108883e+00 3.655154068669844936e+00
8.126147573061325957e+00 1.147909537923644763e+01
7.401085098028248321e-01 2.744495083508451838e+00
2.391217268014837138e+00 4.583427130227143209e+00
7.551532110355947403e+00 8.934573486083049687e+00
8.651318831298105749e+00 1.140898817580454150e+01
8.684748717087234837e+00 9.883380241038683067e+00
7.883113974359767795e-01 2.743449797007484925e+00
1.508837881262687919e+00 3.435982239548054373e+00
7.616153937763691317e+00 8.588769410110186797e+00
9.649351945716462708e+00 9.266122111518747317e+00
5.238862085864224305e+00 6.192132658435504311e+00
9.411293448420488872e+00 1.025318804729331745e+01
9.316984519797377740e-01 3.008821359495839953e+00
6.467829738147201635e-01 2.532506975227232004e+00
4.320875262511723491e+00 6.254898849934209970e+00
2.707815833625437651e+00 4.937832704362943304e+00
2.938593866121042009e+00 4.748585964824273198e+00
1.262419003976363863e+00 3.136146627342605520e+00
9.988098562220088183e+00 1.145007654566129673e+01
9.921760465364393156e-01 3.111138741470911739e+00
1.690365590298837928e+00 3.645037174025244298e+00
2.265271531849188946e+00 3.995668585707125242e+00
7.842336557888475390e+00 9.376655362103106128e+00
8.751791624243153933e+00 1.179407517300923658e+01
5.925748367249983328e-01 2.648739963508460082e+00
3.289915808244006090e+00 4.824346574815439936e+00
2.333037148512425496e+00 4.415540942201070962e+00
3.012957543054097798e+00 5.149900677412277084e+00
4.682761463997151097e+00 6.246014420368496189e+00
7.959143949038216093e+00 1.027635535769037212e+01
6.773783376218237784e+00 9.230415967306504044e+00
1.016864985791299247e+00 3.125376320446968670e+00
5.368841642619736731e+00 7.189703704300356435e+00
8.756934146644427486e+00 1.071954081751083443e+01
2.601800697242221183e+00 4.514776654659947042e+00
4.091486071567755900e+00 6.955104709023542497e+00
9.539230018226951824e-01 2.911114280550711975e+00
2.967481766774415775e-01 2.270487847705697781e+00
9.574640003122549814e+00 1.170545597022307582e+01
7.060021819573645274e+00 9.119607483514505120e+00
5.629007667169117823e+00 8.277298894619422143e+00
5.642923672152614145e+00 8.094435008313361379e+00
1.311780093495199528e+00 3.216973437322105944e+00
8.450559106264526221e+00 1.133115464643044312e+01
4.525381673966477614e+00 6.417892578717372842e+00
8.435617691916574401e+00 1.175319048803481792e+01
7.578806629779789361e+00 8.769541821087891265e+00
9.429618210482878737e+00 1.156552086917413114e+01
9.151544193992089404e+00 1.185908528903628145e+01
9.527178170496418019e+00 1.135551648725072837e+01
2.255726009666914056e-01 2.221046684603819266e+00
2.208862883368714947e+00 3.917891752506584613e+00
3.194546071424912981e+00 4.965977333285342965e+00
8.806039135130504292e+00 1.038705896831532272e+01
6.099819353232489583e+00 7.904869204991282317e+00
5.464272838251077680e+00 7.730702846671869466e+00
7.181016445628919165e+00 8.598618511132489317e+00
6.760928797401386525e+00 9.244422821495641429e+00
9.622664957937944408e+00 1.246525269545265502e+01
3.006951819896694911e+00 4.706479993875909429e+00
3.068146446410976225e+00 4.873985245835262603e+00
1.308926098595988297e+00 3.198065329674037560e+00
6.457815979100377746e+00 9.436691165036682705e+00
4.271219548052518356e+00 6.899081956055794329e+00
3.784084760349781806e+00 5.006860611435415720e+00
3.348160030544267141e-01 2.341369685063079409e+00
6.192703503601832082e+00 8.162377373472095243e+00
6.278684212715235358e-01 2.614777368867089891e+00
2.308925069883618342e+00 4.670284346311787793e+00
1.073416894268990340e+00 3.062629076371467640e+00
7.241025815187033032e+00 9.145549315483586739e+00
4.071336275073461408e+00 5.758882257288274076e+00
7.303953228426610877e+00 8.187306871282842735e+00
6.300297278017525926e+00 8.378921149710706118e+00
8.144972693848153256e+00 1.159266792120542533e+01
1.367395326901476027e+00 3.503212078791347217e+00
4.487975273610969928e+00 6.426580346686908918e+00
1.088893943424132926e+00 3.213247806565331821e+00
7.631360174241383909e+00 9.677825493092676368e+00
2.882326223259822129e+00 4.603405855705075211e+00
6.179696223800502430e+00 7.157320362273408954e+00
5.411379092670141056e+00 6.864477942879266159e+00
7.693249145992794524e+00 9.800667754512867091e+00
6.010066332115460597e+00 8.285906553659364349e+00
6.842745830772159366e+00 8.629670516694304183e+00
8.411094313451139559e-01 2.832808180131474174e+00
3.703561423777795625e+00 5.099720248832247727e+00
9.422550519583275275e+00 1.042035980220307145e+01
3.216070396545442911e+00 5.040417766935978428e+00
6.265260509536702216e+00 7.543803113189816223e+00
9.999415580718740149e-01 3.001937909342645927e+00
2.457909358102927655e+00 4.780237507722932655e+00
9.527978604511019967e+00 1.077890834507840623e+01
8.842200409123979199e+00 1.318766497272747529e+01
3.226113163695589758e+00 5.508399110753871675e+00
2.259922096969420036e+00 3.872808495898268255e+00
7.527428837846168008e+00 7.780149107618820281e+00
1.228958217835559585e+00 3.235727446954108633e+00
5.371166625444808496e+00 6.810634719901875300e+00
1.774802788494701522e+00 3.846028364632054775e+00
1.262447607574289643e+00 3.375963712981629783e+00
8.057871547168161896e+00 9.119921396089910814e+00
7.274476728672555126e+00 7.847565117455143735e+00
9.222034401454003216e+00 1.176048506964974472e+01
6.991250182998062002e+00 8.507391818913268011e+00
1.446222657477043150e+00 3.395824806357759407e+00
2.037302842790591484e+00 4.396657849977889221e+00
2.076524500167891141e+00 3.969671496353102125e+00
7.939319473918153847e+00 1.165430713990918754e+01
3.679959808346838557e+00 5.185152707045155296e+00
9.819344683284050745e+00 1.156841731990837552e+01
6.955391874819821574e+00 9.368618888230729524e+00
7.451475922359947823e+00 9.909358987813025266e+00
8.355084229575147958e+00 1.091326738782609596e+01
5.042501358246298082e+00 7.326589645494389735e+00
6.306933462958927095e+00 8.537737011376789198e+00
8.742665936424717898e+00 1.119263333560134832e+01
5.347136993815580830e+00 7.650289732238171325e+00
7.985583987135169703e-01 2.862294428434011717e+00
2.320738020392933976e+00 4.869621212386851639e+00
1.674005614593910840e+00 3.747501282216218588e+00
8.785264339018784341e+00 1.000611341668086673e+01
8.890760510318489906e+00 1.083934070749328527e+01
5.267664370382190597e+00 7.051535382440540012e+00
5.958334868356367053e+00 8.088677939451679677e+00
1.306677904091541054e+00 3.548971540183218920e+00
2.163216891957475685e-01 2.242140509293109041e+00
3.026680719734866631e+00 5.012496453919890627e+00
6.876503600234002533e+00 8.733550253781519501e+00
6.545109529557158190e-01 2.677843174171648855e+00
1.568724780351462567e+00 3.635253356149575232e+00
4.756697979281079292e+00 6.781616819148182707e+00
1.024345430317409322e+00 2.990019203130262593e+00
8.661554344394549076e+00 9.965366874126829089e+00
8.460653626155101303e-01 2.766331989262110103e+00
2.633105625907505853e+00 4.786891384162181851e+00
7.837689690669447096e-01 2.845140833293823501e+00
9.111636282290977107e+00 9.867392526239814998e+00
9.116009581550009955e+00 1.099900725471385421e+01
4.900926181320604869e+00 6.028839891012502505e+00
1.186788636423219412e-01 2.108665333897666194e+00
7.857872178173705535e+00 1.022242906893492176e+01
1.293020172704347770e+00 3.252238694491448534e+00
8.682453020670097388e+00 1.034401168403114646e+01
1.767833272585802584e+00 4.044246287504453363e+00
4.213246298940181767e+00 6.523370833982697015e+00
5.244973446773536274e+00 6.773349536328273857e+00
5.099496747831024912e+00 6.696651738396672826e+00
8.583849605505765368e+00 1.037214202284608078e+01
7.303986896986847555e+00 9.043940777294643851e+00
2.970956697691600201e+00 5.364442512437181065e+00
3.851707435495359544e+00 6.354936806164475982e+00
6.518001423200897371e+00 1.014943594259236548e+01
9.446983132731151755e+00 1.032912788323210584e+01
4.808942147283547186e+00 6.378322377001247823e+00
9.491767004482928982e+00 9.587705967785929317e+00
1.045931592573120517e+00 3.151582662685422864e+00
2.247610230024426947e+00 4.509043569299444165e+00
3.546771058963300582e+00 5.604630414561590612e+00
9.934450296937976432e+00 1.127967624526814205e+01
6.008532192879256772e-01 2.560410469530267186e+00
7.333371670652599761e+00 8.821210244397621025e+00
3.484768458924891732e-01 2.338858488332010932e+00
5.040751664281195588e-02 2.056126505796848303e+00
7.715532526845190198e+00 9.671426790631688419e+00
1.918639333412111014e+00 3.850813879922590832e+00
1.031360271240522319e-01 2.120955020995435092e+00
9.945174042061013964e+00 1.004682614453748180e+01
6.259767128347347054e+00 7.828995856715541102e+00
3.471771615309102721e+00 5.282042006097531051e+00
9.235610056690040537e+00 1.287874052993110396e+01
2.757238410485790325e+00 4.720390371565684973e+00
8.651684606687470858e-01 2.942092848083145640e+00
2.117533719306885498e-01 2.208977802655496703e+00
2.061115605926061356e+00 3.974843942409912234e+00
7.311665649417120605e+00 1.009576423221834318e+01
8.027366636671684930e+00 9.204094376837520741e+00
1.879378181786263147e+00 3.565599264742970398e+00
5.032770646687497518e+00 6.914826857983801922e+00
6.349601778370450589e-01 2.660947567975677330e+00
8.930788391691541150e+00 1.062255777244998534e+01
7.468256217801317653e+00 1.029163036762814976e+01
5.599074553050336966e+00 7.732507526228562078e+00
4.606420065454733148e+00 6.538449694799955303e+00
4.294572218871600455e+00 6.096631128285341816e+00
5.725157093975015599e+00 7.586159016103619201e+00
5.750445939737584666e+00 8.744306149394212468e+00
6.660849442835451661e+00 8.096356644172036710e+00
1.303325814836990837e+00 3.360690969549515295e+00
4.855057008883326475e+00 7.799142551271446955e+00
4.388572940013188983e+00 5.573487833155296833e+00
3.422000159167756017e+00 5.218994449079081832e+00
5.232887290774990152e-01 2.559090457948696162e+00
3.935165707439387539e+00 5.639211491726816128e+00
7.300182323888387614e+00 9.504328079787237371e+00
6.730144502922252414e+00 8.791120249351815019e+00
5.190632230766869526e+00 6.255750741441413965e+00
6.450200207785618645e+00 8.014916576126985603e+00
8.088495939932155210e+00 1.078225192702825197e+01
2.953525629592805846e+00 5.137579209657392454e+00
3.113623648190593229e+00 5.382899352124077552e+00
1.845713217399628236e+00 3.357608236840348148e+00
4.139174590875139614e+00 6.184994402526655222e+00
5.091668452636715969e+00 7.452829261066832522e+00
9.505664529738220736e+00 1.138595905442396727e+01
8.852601179052324909e+00 1.040388358088024567e+01
7.587763452983505630e+00 9.559411398057765297e+00
6.832521678491993100e+00 7.313820829377545074e+00
2.053930842530815593e+00 3.763329016389809212e+00
7.289593229029023291e-01 2.716919871336397119e+00
1.604723523385456208e+00 3.647365620886909632e+00
8.060353369798860967e+00 1.159652605951195703e+01
3.643648233668677960e+00 5.497902917695695280e+00
8.224297169331862278e-01 2.779301566551392710e+00
1.664880888342679111e+00 3.511983534009611052e+00
3.965621386080875332e-01 2.358713085350245375e+00
4.485325289158174300e+00 6.335094310500769765e+00
3.727018186473343153e+00 5.897937643282076259e+00
7.067548534090110302e+00 9.371172117258197432e+00
8.187798271448912146e+00 9.142075434783173193e+00
4.539238772254035936e+00 7.035393129788294786e+00
3.727671481460586023e+00 5.648311624732123448e+00
1.613484128374217397e+00 3.527251741780232486e+00
3.551339574515513853e+00 5.340745053393460395e+00
5.092856186949431319e+00 6.796498313314118356e+00
3.653838163085993962e+00 5.387106981065211464e+00
2.333401054964521215e+00 4.184893284658593338e+00
4.195695088627954483e+00 6.316877482157303270e+00
3.210025717670697887e+00 5.559625696653028193e+00
8.981288018965745579e+00 1.031649840042622834e+01
1.952558838967766164e-01 2.184575078394506154e+00
4.661516741246325424e+00 6.812233107381564956e+00
3.141864861308822920e+00 5.038408806996719669e+00
7.349300015771760286e+00 9.847756682259531047e+00
6.956765042235955043e+00 9.478243020338535274e+00
9.275016897020142537e+00 8.563438556577155580e+00
9.933287417239730743e+00 1.139699705086250958e+01
4.273562666928823361e+00 5.502033853997351009e+00
8.717943288250788569e+00 1.004028051863912729e+01
8.838149378088221653e+00 1.071041699341751041e+01
6.946741493630907094e+00 8.743377806795166407e+00
1.852788786051325909e+00 4.200553290317985855e+00
6.869684831660347157e+00 9.521301258846364135e+00
3.741914843203756114e+00 5.315625336468149165e+00
1.546508237653654305e-01 2.132922834970466752e+00
5.351397643751689692e+00 7.850665849810351204e+00
9.903748173576101266e+00 1.203414829504199623e+01
9.454193496796239771e+00 1.227654864144754576e+01
2.722523099263722823e+00 4.670789697272050844e+00
8.999078996963327803e-01 2.941852894016321329e+00
9.040279986856469829e-01 2.889699673344371611e+00
2.935378962792536406e+00 4.879309331010794004e+00
8.845400090545082250e+00 8.951929175722314724e+00
8.352153245731241071e+00 1.020539148178227329e+01
7.929473556088115771e+00 1.006461657296606660e+01
3.980464649226526319e+00 5.814444102617400745e+00
5.850888849897777355e+00 7.227124888822635818e+00
1.958611746008354082e+00 4.473954035946112739e+00
2.215738515125861063e+00 4.385863581258243826e+00
7.000024622982529365e+00 9.524083117949841082e+00
3.525258351291826742e+00 4.946840978785828291e+00
4.896302354506159027e+00 6.218401526182226746e+00
3.315216561885550917e+00 4.327373857531033430e+00
3.581664711233707443e+00 5.726020981115506281e+00
6.453488997163038476e+00 8.957196909633664106e+00
1.720568454625517330e+00 3.918904335307733078e+00
3.799007179495613507e+00 5.512078727514229115e+00
4.875400023481861744e+00 7.328690799711353066e+00
1.225256203027155211e+00 3.416639360017580618e+00
7.522673972008821153e+00 8.914264781057616105e+00
3.712887752886420145e+00 5.772424185048766532e+00
7.331823617636024970e+00 8.708930598193401096e+00
3.057011804108754838e+00 5.613492685304888319e+00
9.264024585211112495e+00 1.139862486179078971e+01
9.261458741377282422e+00 1.129737994398847434e+01
9.832611957746928866e+00 1.019615253373356190e+01
7.791101240015486873e+00 1.058767501986146797e+01
6.622062062843738772e+00 8.898412971375856628e+00
8.923643658592636640e+00 1.072703033479445622e+01
1.627027881073679350e+00 3.684433730173707566e+00
7.210466069394055211e+00 9.252096766378979709e+00
9.446895399098753643e-01 2.872004126753730624e+00
9.235237043666767676e+00 1.037821993165412415e+01
4.803785247375652823e+00 7.047039053557440091e+00
5.841714076478311313e+00 7.260493737268640224e+00
7.014523464846678102e+00 9.556113975977286401e+00
3.901652846819869680e-01 2.388727085027719355e+00
8.990907694759263435e+00 1.010114244213588464e+01
1.412992543150375369e+00 3.527772285496946658e+00
6.343643056736866015e+00 8.596288234647953885e+00
5.592516636875932701e-01 2.520283359997806727e+00
6.816653640794805291e+00 8.999797389767220324e+00
4.734520914915214540e+00 6.043676770189977177e+00
2.970064713846526594e+00 5.045836773933496389e+00
5.419185436594013083e+00 6.226626296522779214e+00
1.133468452010450989e+00 3.076383799882365100e+00
3.627725994042986457e+00 5.742543219260447529e+00
5.250173524162010885e+00 7.736513025765558993e+00
3.834008880341761571e+00 5.958838958680536813e+00
9.930937279620673408e+00 1.078427624961353182e+01
6.687569322115438641e-01 2.634956084650962982e+00
6.069279833992117901e+00 7.520467068914401310e+00
8.729833455818758026e+00 1.123358143165464540e+01
8.546837488271387784e+00 1.055488608613939938e+01
3.313700730164042874e+00 5.180143375026206698e+00
7.120502137281184751e+00 1.033295211248052503e+01
6.414635185714182342e+00 9.412821075730525067e+00
6.181345919034574088e+00 7.906356342897402634e+00
5.943061442744335565e+00 8.114979543838016340e+00
8.362395871974172223e+00 1.200697181141149095e+01
5.632328673209206826e+00 7.494151340269584516e+00
8.593579623326965233e+00 9.434204862819502324e+00
9.181676738153552009e+00 1.110536424556379487e+01
2.799576901042506449e+00 4.723079205422707538e+00
7.349099031748828281e+00 9.443873296664040851e+00
3.716358771084060653e+00 5.669526032181574138e+00
4.352970382586233811e+00 6.509377332444199027e+00
9.872768021369227043e-01 2.941050003636835442e+00
2.683870638065224412e+00 4.914815046017278810e+00
3.584622453712674961e+00 5.093213305191103935e+00
1.951584872354933387e+00 4.209165676772155251e+00
5.101163766222964746e+00 8.009810629303098395e+00
2.846126449423214133e+00 4.541489004372007976e+00
4.899863170654583655e+00 6.505211896155347340e+00
3.123855883244895715e+00 4.720545908698581705e+00
3.363009109840131572e+00 5.112804097731984854e+00
4.159785115566632996e+00 6.500852392437701965e+00
1.868011638486871684e+00 3.677622037039319558e+00
9.833074966804955963e+00 1.222421913304242125e+01
7.592017049555931152e+00 9.750418662917720525e+00
8.399450330274584431e+00 1.067219414681505718e+01
7.086029376339349817e+00 9.008775072134406869e+00
6.549388226541728919e+00 9.430163774405542654e+00
8.623812301369571998e+00 1.063481698977776624e+01
4.836591060352752436e+00 7.191515870318808901e+00
4.023225269071131649e+00 6.196885155553170321e+00
8.604067742480687286e+00 1.009995011533887421e+01
6.881681553933659323e+00 8.087026180432795641e+00
9.699454149551050008e+00 1.067754054584770707e+01
2.611762754923937280e+00 4.436509074851169743e+00
7.592040058226521282e+00 9.857747555936613892e+00
2.893048742771708870e+00 5.189526164944369135e+00
5.030726361086356846e+00 7.188553498628245997e+00
6.638998829404563651e+00 8.046275075173474178e+00
5.333737755930345603e-01 2.577423316458218761e+00
5.676092621820636452e+00 7.603033902282438028e+00
4.001479614881583657e+00 6.606990810526189861e+00
5.956866891528179053e+00 7.854556518970359669e+00
3.374970152664164225e+00 5.920180693692471685e+00
6.319062504000569014e+00 8.085056754213447050e+00
5.439584106752088033e+00 8.064146378817135030e+00
6.866249572874925988e+00 9.446751798225239583e+00
7.989656102253247738e+00 1.003124815518854618e+01
2.660033400921789415e+00 4.773338401766006989e+00
8.570115467980482293e+00 1.067438509167882899e+01
3.355225135021688843e+00 5.149238533084257163e+00
4.965813614164193979e+00 7.545516011341259599e+00
9.012675433364147892e-02 2.069952652034994678e+00
1.098270825307481324e+00 3.149648719100086591e+00
4.961411462703305908e+00 7.033903273669896983e+00
7.143381326873662118e+00 9.492330708269950179e+00
3.065086049136605872e+00 5.360866904145135337e+00
9.426704882346749415e+00 1.150119282557013634e+01
9.640095098587131872e+00 1.100660615794425468e+01
3.147439212933736741e+00 5.982115758427150709e+00
2.883231733283805553e+00 5.305873347999614076e+00
3.555071581725719465e+00 4.754924285669583028e+00
9.405076687798031188e+00 1.234464324043906380e+01
1.564441508958007709e+00 3.775737558738605948e+00
4.134348135403019597e+00 5.496123754319929056e+00
7.250981047628350495e+00 1.136288256734784952e+01
1.958216821996892065e+00 3.663277944779706807e+00
3.620942054651691500e+00 5.913327988570787674e+00
2.570031867340864196e+00 4.684413060153675090e+00
9.307755234576344350e+00 1.123487507947347730e+01
3.473866339280783144e+00 6.500962952802828987e+00
4.554864805947804740e+00 7.442670116670935698e+00
7.645285085307395256e+00 9.108736895973109426e+00
5.689418073644186613e+00 8.538023464294083098e+00
4.164844256964308045e+00 6.761152211138472978e+00
5.979104776952164357e+00 7.872250168347354915e+00
1.567984154057999735e+00 3.664149727768766684e+00
3.726007476537359864e+00 4.985457001812214628e+00
4.359100443215753629e+00 7.510739111912425159e+00
4.072397338052253346e+00 5.300919710958158504e+00
1.495727046892407763e+00 3.533983922456601423e+00
5.989827783044924914e+00 7.375269330995530837e+00
1.881165163171890642e+00 3.551132794704021656e+00
2.836501442652755500e+00 4.935953988448925855e+00
2.714477887342432449e+00 4.188083163287259936e+00
2.719318721591779120e-01 2.247709372752736190e+00
9.505439402840451635e+00 1.148225374847634050e+01
7.414139211445771593e+00 9.680311983072838800e+00
7.672249410677292047e+00 9.138113218913217040e+00
2.553981280939373377e+00 4.180787488422174292e+00
5.142878190226696233e-01 2.497585812369872205e+00
4.810115406427266649e+00 7.005085806367773671e+00
8.951082047507028960e+00 1.164580011193489995e+01
8.680176020739464704e+00 9.939324870440470860e+00
6.584558573951748706e-01 2.714099914560703652e+00
8.513987694527681782e+00 1.170616243247190269e+01
4.407533548154798808e+00 5.702386249354379544e+00
2.462227036260461688e+00 3.988166052647887483e+00
7.769961115078626079e+00 9.360846105770166403e+00
9.733542925747878272e+00 1.091626714380353924e+01
5.174762699056305593e+00 5.885177561843645933e+00
7.984452749883671707e+00 1.063357702461847509e+01
3.281211607015276144e+00 5.830085488313285325e+00
5.172795093589599436e-01 2.475391161830102771e+00
8.419423193720662724e+00 9.953689393560523513e+00
8.159679853341234690e+00 1.018849437162628746e+01
5.056597025112456123e+00 7.090311645053557044e+00
5.456002788103337053e+00 6.938453443364914541e+00
6.499749424280012455e+00 9.057092095969977663e+00
3.149361204757549437e+00 4.810527571032945815e+00
1.374645796247162544e+00 3.267120950421290804e+00
1.989891911516823431e+00 4.199063559255782785e+00
1.317405590321979458e+00 3.364435645230123839e+00
7.973205071541589195e-01 2.819275526853188829e+00
9.949969569349928378e+00 1.135275582613601308e+01
4.071706876037543665e+00 6.063806702465364573e+00
3.204157728558275409e+00 5.170658063271455163e+00
7.474521809514933501e-01 2.682378343485947614e+00
2.009053399549741492e+00 4.119608826919793465e+00
1.706666122958244713e+00 3.579793397053720572e+00
7.668212933487247085e+00 9.614360847531363774e+00
9.158469601504794610e+00 1.077480121044069961e+01
5.984871854338791763e+00 8.737324408280549903e+00
8.167210426890372688e+00 1.073486486627476566e+01
8.430558878581514648e+00 1.079192549390475619e+01
3.602230216953941078e+00 5.671280784750709181e+00
9.326177097037573915e+00 1.187703669375163784e+01
1.513454449600415419e+00 3.490217582874641788e+00
8.928181479825322953e+00 1.154727345576224451e+01
7.385864358575389144e-01 2.711573159542578271e+00
1.839871337339797908e+00 3.530063696676991380e+00
2.367185904194767154e+00 4.706598709797023439e+00
5.466681037617384220e+00 7.692346704442346805e+00
7.403266879838223957e+00 9.190424056126593300e+00
3.909210301472319848e+00 5.726427141924683717e+00
5.136633548386278392e+00 7.712449402185959535e+00
9.561666245386707175e+00 9.840523250771841646e+00
8.188245118093945507e+00 8.838322469921680025e+00
6.491422357937715049e+00 8.172430521341665255e+00
8.998075571607030199e+00 1.165819165735514673e+01
8.192647634939406842e+00 1.172292088994299952e+01
8.803865957038429002e+00 9.697286132872296349e+00
9.165362348417152916e+00 1.004597840246181839e+01
7.582111181420854606e+00 9.924062889349443140e+00
1.516776666856111122e+00 3.504134961630416267e+00
2.715887672196375391e+00 4.548608519290390007e+00
6.970848481378517647e+00 9.578645272640072150e+00
2.435106395788144695e-02 2.025119982335960245e+00
6.525245403187596160e+00 9.142209682628982037e+00
3.831711839993727775e+00 6.075947703365244479e+00
3.885600635349883980e-01 2.386261507101674617e+00
6.845946797872723089e+00 9.439824609986354531e+00
8.079862699132631221e+00 1.024530297104765353e+01
4.944188393080233723e+00 6.615366302877007776e+00
4.823592908722970307e+00 7.003950061353346079e+00
4.951924962381828443e+00 7.125015481469367806e+00
5.560074526721658916e-01 2.477756317564549615e+00
4.423630434296478953e+00 6.259209597599176611e+00
4.055305131314512757e+00 6.016637640088772443e+00
8.270232229469943519e+00 1.140051878328718971e+01
9.753467835557911414e+00 1.182945244709390131e+01
6.711260484443539731e+00 8.795961104843813771e+00
3.975150393093289658e+00 6.113872764187863851e+00
6.862797521261063238e+00 9.016697304337796481e+00
8.126992516735057848e+00 9.596275964919849244e+00
4.977709890707373575e+00 6.695248686615569156e+00
5.928712361618177162e+00 7.830676889331233959e+00
4.290261331117571686e+00 5.385373257602257269e+00
4.151010544083646892e+00 5.986637812084626198e+00
5.957577214897424867e-02 2.057701183171250836e+00
8.542054709921276245e-01 2.915382735416746307e+00
3.489536600921574472e+00 5.356955627065451253e+00
3.828254907752262959e+00 5.924475323890396439e+00
9.383641178675198091e+00 1.121441126385558462e+01
7.965241708167964063e+00 9.977232860734462250e+00
7.806535181173618554e+00 9.296283142561353685e+00
4.183322976878377730e+00 5.943961380689504637e+00
1.003293237751337053e+00 3.076641094082690042e+00
9.250199674146239559e+00 1.118881578312308989e+01
9.059906612154254191e+00 1.160983855019848221e+01
5.919247491222736635e+00 8.050903054770305545e+00
9.103962699102053691e+00 1.133871500434246116e+01
9.054085265167774565e+00 9.406616309771347773e+00
4.601132467820141514e+00 5.498756968962631220e+00
1.067296827271012605e+00 3.052259861676831942e+00
5.857659021817975820e+00 8.480224635145988898e+00
7.820161446361376889e+00 1.069396972588245731e+01
9.786176888717484701e+00 1.098808736381446138e+01
9.339811972115731109e+00 1.283681701004548614e+01
6.292472358177299441e+00 8.666968560654357390e+00
2.270836390924659831e+00 4.422378399841552010e+00
4.165780911649212825e+00 5.718979826973467517e+00
4.396843473563492921e+00 6.707556069731617221e+00
3.563389178052676076e+00 5.960621362132074275e+00
6.496501430762116946e+00 8.969588881674820158e+00
5.574682893512785675e+00 7.146736921697866229e+00
8.843417797812122672e+00 1.186529186077489939e+01
4.074069912165497520e+00 6.092173472603340301e+00
1.471669018780807914e-01 2.153470570102880011e+00
3.344738275372135305e+00 5.396202861545424945e+00
8.072584847318442058e+00 1.073603065891321329e+01
1.654114910669520766e+00 3.448745952292859851e+00
4.282221575978512718e+00 5.853571624351511460e+00
9.588277058703813083e+00 1.038779768109617230e+01
4.616878569640610941e+00 6.521605638410750139e+00
4.350645028024905159e+00 6.471831327481646134e+00
1.040989415106344795e+00 2.967880544903013007e+00
8.863200529585554932e+00 1.182072072021292541e+01
