8.395973307092221560e+00 1.027978419740042781e+01
1.906452641795286507e+00 3.790263532103493649e+00
5.869543962624437228e+00 7.753354852932644370e+00
3.776706497328703449e+00 5.660517387636910591e+00
4.787806527974907134e+00 6.671617418283114276e+00
4.378704998137285642e+00 6.262515888445492784e+00
3.564772367221032745e+00 5.448583257529239887e+00
7.578049731286507829e+00 9.461860621594714971e+00
1.325432462676343626e+00 3.209243352984550768e+00
1.048988061681572770e+00 2.932798951989779912e+00
4.128691600868339862e+00 6.012502491176547004e+00
1.202139687981762517e+00 3.085950578289969659e+00
4.480574934843004620e+00 6.364385825151211762e+00
5.579310449253417126e+00 7.463121339561624268e+00
4.021209061316813660e+00 5.905019951625020802e+00
9.379887872319171649e+00 1.126369876262737790e+01
1.714631521861602614e+00 3.598442412169809757e+00
1.254941014510014829e+00 3.138751904818222194e+00
3.456585308670860890e+00 5.340396198979068032e+00
3.577766454360223669e+00 5.461577344668430811e+00
6.392716575611030905e+00 8.276527465919237159e+00
1.602183928622946674e+00 3.485994818931153816e+00
9.697206431607831689e+00 1.158101732191603794e+01
6.357322497688878471e+00 8.241133387997084725e+00
7.535178134496355540e+00 9.418989024804561794e+00
2.337201584612157212e+00 4.221012474920364355e+00
5.394572799287363551e+00 7.278383689595570694e+00
9.052154921895592565e+00 1.093596581220379882e+01
7.417360297815297265e+00 9.301171188123502631e+00
7.749822353390564800e+00 9.633633243698771054e+00
7.544321535117343380e+00 9.428132425425550522e+00
7.539587245445888986e-01 2.637769614852795819e+00
4.794932433081448231e+00 6.678743323389655373e+00
7.204450474033976093e+00 9.088261364342182347e+00
2.662329483055118295e+00 4.546140373363325438e+00
1.716781784932279731e+00 3.600592675240486873e+00
3.039000568927907597e+00 4.922811459236114295e+00
8.981577523794063822e+00 1.086538841410227008e+01
2.141255120636935683e+00 4.025066010945143269e+00
4.060939494624316026e-01 2.289904839770638745e+00
9.961797916297017608e+00 1.184560880660522386e+01
3.104034604060387004e+00 4.987845494368594146e+00
8.358492188343632279e+00 1.024230307865183853e+01
9.881101558094103510e+00 1.176491244840230976e+01
1.989901898521562185e-01 2.082801080160363583e+00
4.716758145720998385e+00 6.600569036029205527e+00
2.500375920148458775e+00 4.384186810456665917e+00
3.297412465815707794e+00 5.181223356123914492e+00
9.026690629972986102e+00 1.091050152028119236e+01
8.449626640167126723e+00 1.033343753047533298e+01
7.734716150259642653e+00 9.618527040567849795e+00
6.474828042187553478e+00 8.358638932495759732e+00
1.382494165544140285e+00 3.266305055852347650e+00
4.434111883802752452e+00 6.317922774110959594e+00
1.860401116061972671e+00 3.744212006370180035e+00
9.281375745198873872e+00 1.116518663550708013e+01
1.593205688866472514e-01 2.043131459194854394e+00
2.358660601922376365e+00 4.242471492230583507e+00
8.065977262367834300e+00 9.949788152676040554e+00
6.432775072020291418e+00 8.316585962328497672e+00
5.128146403135385611e+00 7.011957293443592754e+00
2.871005705523852480e+00 4.754816595832060067e+00
8.249928054193116367e+00 1.013373894450132262e+01
1.073318380328576183e+00 2.957129270636783325e+00
3.011943329348905074e+00 4.895754219657112216e+00
6.106349287769092804e+00 7.990160178077299058e+00
3.234607579356680862e+00 5.118418469664887560e+00
3.098683192099965567e+00 4.982494082408172709e+00
6.799836944802597927e+00 8.683647835110804181e+00
8.709600498632164900e+00 1.059341138894037115e+01
8.932915014373735474e+00 1.081672590468194173e+01
1.332590693357869061e+00 3.216401583666076203e+00
4.404531531461266525e+00 6.288342421769473667e+00
9.975617087611476919e+00 1.185942797791968317e+01
8.963796553104319553e-01 2.780190545618639320e+00
6.726523368944350878e+00 8.610334259252557132e+00
7.413983772973780084e+00 9.297794663281985450e+00
7.227394450779478507e-01 2.606550335386154771e+00
2.125834656875312589e+00 4.009645547183519732e+00
2.547004699716697296e+00 4.430815590024904438e+00
3.989063729783585366e+00 5.872874620091792508e+00
7.722460194793166366e+00 9.606271085101372620e+00
2.261352425200854555e+00 4.145163315509061697e+00
4.654890167153997282e+00 6.538701057462204425e+00
2.827493036238992730e+00 4.711303926547199872e+00
8.194182946088814035e+00 1.007799383639702029e+01
4.594415756044389454e+00 6.478226646352596596e+00
4.000178715849500577e-01 2.283828761893157200e+00
8.143884596411190557e+00 1.002769548671939681e+01
6.595093371903388402e+00 8.478904262211594656e+00
2.446899425922757221e+00 4.330710316230963919e+00
1.940206052384602087e+00 3.824016942692809451e+00
4.157582768426820508e+00 6.041393658735027650e+00
5.913903165903872328e+00 7.797714056212079470e+00
7.865381313822651599e+00 9.749192204130858741e+00
4.547492098798907811e+00 6.431302989107114954e+00
5.531999766309444233e+00 7.415810656617651375e+00
5.459335953328379176e+00 7.343146843636586318e+00
1.307755629422008292e+00 3.191566519730215212e+00
9.084331974442058311e+00 1.096814286475026456e+01
4.167984454075778444e+00 6.051795344383985586e+00
4.531473555192619074e+00 6.415284445500826216e+00
1.941929037898838528e+00 3.825739928207045892e+00
1.198100613993158259e-01 2.003620951707523190e+00
9.539172101364917111e+00 1.142298299167312337e+01
7.380670404056033362e+00 9.264481294364239616e+00
3.441369306744168632e+00 5.325180197052375775e+00
5.088136329980363914e-01 2.392624523306243312e+00
5.285926062831829420e+00 7.169736953140036562e+00
9.596513767325271616e+00 1.148032465763347787e+01
5.628406745481667528e+00 7.512217635789874670e+00
3.608316405636713409e+00 5.492127295944920995e+00
7.199987554876335238e+00 9.083798445184541492e+00
8.855180570629348935e+00 1.073899146093755519e+01
6.707050970069285079e+00 8.590861860377492221e+00
6.131557288893326962e+00 8.015368179201532328e+00
4.481625879953606173e+00 6.365436770261813315e+00
2.071699285295138804e+00 3.955510175603346390e+00
2.369673719153712277e+00 4.253484609461919419e+00
4.244980908346686732e+00 6.128791798654893874e+00
9.112486166853606129e-01 2.795059506993567755e+00
3.695755206623788425e+00 5.579566096931995567e+00
3.806561276289974760e+00 5.690372166598181458e+00
1.095119170168119549e+00 2.978930060476326691e+00
1.710972953732691204e+00 3.594783844040898124e+00
8.016605061210913874e+00 9.900415951519120128e+00
8.957481372160646771e+00 1.084129226246885302e+01
4.623916857548745263e+00 6.507727747856952405e+00
8.445290310325437311e-01 2.728339921340750873e+00
5.146537321647835839e+00 7.030348211956042981e+00
6.132455459392687658e+00 8.016266349700893912e+00
3.514607548805940063e+00 5.398418439114147205e+00
2.007181580025515721e+00 3.890992470333722864e+00
9.686902904460259478e+00 1.157071379476846573e+01
3.655727877392001002e-01 2.249383678047407464e+00
4.615074892286463726e-01 2.345318379536853293e+00
5.150634895472405717e-01 2.398874379855447714e+00
7.103276171947655371e+00 8.987087062255861625e+00
2.611924845442646692e+00 4.495735735750853834e+00
1.737644602649242032e+00 3.621455492957449174e+00
9.918114389928023300e-01 2.875622329301009472e+00
1.037970423387294394e+00 2.921781313695501758e+00
6.790397892189866447e+00 8.674208782498071812e+00
4.023902452328557366e+00 5.907713342636764509e+00
1.220783183205018663e+00 3.104594073513225805e+00
4.665661278128907519e-01 2.350377018121097894e+00
8.129200504385597270e+00 1.001301139469380352e+01
9.151383641031863192e+00 1.103519453134006945e+01
1.511199932133706625e+00 3.395010822441913767e+00
9.744702652307111634e+00 1.162851354261531789e+01
5.865257740035423328e-01 2.470336664311749253e+00
8.593864479311243088e+00 1.047767536961944934e+01
7.171766491881469641e+00 9.055577382189676783e+00
1.872110536475295461e+00 3.755921426783502604e+00
7.578219168911431325e+00 9.462030059219637579e+00
5.301802955285936925e+00 7.185613845594144067e+00
5.955811209530192940e+00 7.839622099838400082e+00
2.691249854598507518e+00 4.575060744906714660e+00
6.659049232305509491e+00 8.542860122613715745e+00
1.405604367257174969e+00 3.289415257565382333e+00
9.567157468744259319e+00 1.145096835905246557e+01
3.467986910017109015e+00 5.351797800325315713e+00
6.099197803335641765e+00 7.983008693643848908e+00
1.870947344870305118e+00 3.754758235178512038e+00
2.788575745986135779e+00 4.672386636294342921e+00
9.507872250748578224e+00 1.139168314105678448e+01
9.652205371483187690e+00 1.153601626179139394e+01
5.563975225271223124e+00 7.447786115579430266e+00
5.349058924218265787e+00 7.232869814526472929e+00
9.439076611034915132e+00 1.132288750134312139e+01
6.754799309631178694e+00 8.638610199939384060e+00
5.387862039511360557e+00 7.271672929819567699e+00
9.775826630377348891e-01 2.861393553345942031e+00
4.981608928196354924e+00 6.865419818504562066e+00
2.268847360786463430e+00 4.152658251094670128e+00
2.386188997868707862e+00 4.269999888176914560e+00
9.744535225074086426e+00 1.162834611538229268e+01
3.524632256976587552e+00 5.408443147284795138e+00
1.211186949234895893e+00 3.094997839543102813e+00
7.334241674819449663e+00 9.218052565127655029e+00
3.658232014534369192e+00 5.542042904842576334e+00
9.917786904438836260e+00 1.180159779474704251e+01
3.606788764303797912e+00 5.490599654612005054e+00
8.359230243580462627e+00 1.024304113388866888e+01
8.262388085199281917e+00 1.014619897550748817e+01
9.174720689673876439e-01 2.801282959275594564e+00
1.907499603469703375e+00 3.791310493777910295e+00
7.149744597275500269e+00 9.033555487583706523e+00
8.480242191143256392e+00 1.036405308145146265e+01
1.355753679959408320e+00 3.239564570267615462e+00
7.615285752021228038e-01 2.645339465510329724e+00
6.765413765190619877e-01 2.560352266827269130e+00
4.206154065978306100e+00 6.089964956286513242e+00
6.878297302884988085e+00 8.762108193193194339e+00
5.338099603612686650e+00 7.221910493920893792e+00
7.826734478996788980e+00 9.710545369304995234e+00
7.107362154880512151e+00 8.991173045188718405e+00
8.462347342493529823e+00 1.034615823280173608e+01
1.667059143060782844e+00 3.550870033368989986e+00
3.654870678761930058e+00 5.538681569070137201e+00
9.970418303917773173e+00 1.185422919422597943e+01
9.986184171647032315e+00 1.186999506195523857e+01
8.858604117683675838e+00 1.074241500799188209e+01
9.723205967843121300e+00 1.160701685815132755e+01
8.124886779123496883e-01 2.696299568220556608e+00
3.235775102195731279e+00 5.119585992503938421e+00
9.038439162933920024e-01 2.787654806601599144e+00
2.882020604472232961e+00 4.765831494780440103e+00
3.558080282853222975e+00 5.441891173161430117e+00
8.411826432112597729e+00 1.029563732242080398e+01
1.335098196521777858e-02 1.897161872273424699e+00
8.584127509450015125e+00 1.046793839975822138e+01
9.399789619791937056e+00 1.128360051010014331e+01
1.168339661753207137e+00 3.052150552061414501e+00
8.638024186224118495e+00 1.052183507653232475e+01
4.698006991810219191e+00 6.581817882118426333e+00
5.958391138660013908e+00 7.842202028968221050e+00
3.201942895228896191e+00 5.085753785537103333e+00
8.562212063447278254e+00 1.044602295375548451e+01
5.321786425592067715e-01 2.415989532867413914e+00
4.816349929524844420e+00 6.700160819833051562e+00
9.131234543035912310e+00 1.101504543334411856e+01
7.646354130780164127e+00 9.530165021088370381e+00
6.286950388106680165e+00 8.170761278414886419e+00
9.013795011182711647e+00 1.089760590149091790e+01
5.083206638751869733e+00 6.967017529060076875e+00
7.430304420263178500e+00 9.314115310571384754e+00
2.501502197432650121e+00 4.385313087740857263e+00
8.988081696882053606e+00 1.087189258719025986e+01
8.491996510193130732e+00 1.037580740050133699e+01
4.559813220223936092e+00 6.443624110532143234e+00
4.647579892476932706e+00 6.531390782785139848e+00
8.699706384912657242e+00 1.058351727522086350e+01
3.383165828730506419e+00 5.266976719038713561e+00
6.882924529050634455e+00 8.766735419358839820e+00
3.905797709245284466e-01 2.274390661232735589e+00
9.949136678784553212e+00 1.183294756909275947e+01
5.838934314931906400e+00 7.722745205240113542e+00
6.757598148201784838e+00 8.641409038509991092e+00
9.032618122156289786e+00 1.091642901246449604e+01
6.435702044390618326e+00 8.319512934698824580e+00
5.054377861633499336e+00 6.938188751941706478e+00
4.449045571378111852e+00 6.332856461686318994e+00
6.458973056656283518e+00 8.342783946964489772e+00
7.668791305166563710e+00 9.552602195474770852e+00
7.649169429905934514e+00 9.532980320214141656e+00
3.015070279810649900e-01 2.185317918289272132e+00
7.365822491311567077e+00 9.249633381619773331e+00
8.231870554897232850e+00 1.011568144520543910e+01
9.893844501810354686e+00 1.177765539211856094e+01
9.170015996896623278e+00 1.105382688720482953e+01
5.063503532094137949e-01 2.390161243517621159e+00
8.846955578099109374e+00 1.073076646840731563e+01
5.019487556910533499e+00 6.903298447218740641e+00
1.343545033678141820e+00 3.227355923986348962e+00
1.749048181025198989e+00 3.632859071333406131e+00
3.497577052012558418e+00 5.381387942320765561e+00
2.206577228158361770e+00 4.090388118466568912e+00
9.581797087736518392e+00 1.146560797804472465e+01
6.127141794068366565e+00 8.010952684376572819e+00
8.150588897369773989e+00 1.003439978767798024e+01
3.142470910465417155e+00 5.026281800773624298e+00
3.156475278616977853e+00 5.040286168925184995e+00
6.102225907792696802e+00 7.986036798100903944e+00
5.697464602209095119e+00 7.581275492517302261e+00
6.307727935918397755e+00 8.191538826226603121e+00
3.157306795798357157e+00 5.041117686106564300e+00
6.974438319611464543e-01 2.581254722269353596e+00
6.542036060320077784e-01 2.538014496340214698e+00
3.749830648571721436e+00 5.633641538879929023e+00
3.412319969143371434e+00 5.296130859451579020e+00
4.997721027159387930e+00 6.881531917467595072e+00
4.334547820626263537e+00 6.218358710934470679e+00
3.365781938406499307e+00 5.249592828714706449e+00
3.364045632344031311e+00 5.247856522652238453e+00
1.685077536994725733e+00 3.568888427302932875e+00
7.090537414819797490e+00 8.974348305128003744e+00
8.458036039564452935e+00 1.034184692987265919e+01
3.206577041155762586e+00 5.090387931463969728e+00
5.428188825089184988e+00 7.311999715397392130e+00
1.928032702952019450e+00 3.811843593260226370e+00
3.204851447098036044e+00 5.088662337406243630e+00
6.290542932343170079e+00 8.174353822651376333e+00
7.924343757790845544e+00 9.808154648099051798e+00
8.877358889818694365e+00 1.076116978012690062e+01
9.307504432436365605e+00 1.119131532274457186e+01
2.640531539305552844e+00 4.524342429613759542e+00
2.740524133381957661e+00 4.624335023690164803e+00
6.826461723651977564e-02 1.952075507544726918e+00
2.547378045103723121e+00 4.431188935411930707e+00
3.490935966862824813e+00 5.374746857171031955e+00
9.246693733609878674e-01 2.808480263669195232e+00
5.399095566016383962e+00 7.282906456324591105e+00
3.686326894996580172e+00 5.570137785304787315e+00
9.596036930141224275e+00 1.147984782044943053e+01
4.530740515477191366e+00 6.414551405785398508e+00
7.422821062407472859e+00 9.306631952715678224e+00
9.007222027596084590e-01 2.784533093067815379e+00
9.917822136548878120e+00 1.180163302685708437e+01
1.971344503518518421e+00 3.855155393826725785e+00
5.731526706596731913e+00 7.615337596904939055e+00
2.672337568946296926e+00 4.556148459254504068e+00
3.230403031605744157e-01 2.206851193468781780e+00
7.909727685278789000e-01 2.674783658836085820e+00
1.219746656711007127e-01 2.005785555979307855e+00
1.614790040937607030e+00 3.498600931245814394e+00
4.448764947281609317e+00 6.332575837589816459e+00
5.369043159369114804e+00 7.252854049677321946e+00
3.216927072915790831e+00 5.100737963223997973e+00
4.795191407431380171e+00 6.679002297739587313e+00
9.979119645239665104e+00 1.186293053554787136e+01
1.021987125616129477e+00 2.905798015924336397e+00
7.796830048854951123e+00 9.680640939163156489e+00
3.273201788076582908e+00 5.157012678384790050e+00
9.313449260264555107e+00 1.119726015057276136e+01
4.723756504892084873e-01 2.356186540797415852e+00
3.380101559320536353e+00 5.263912449628743495e+00
1.538410431150906144e+00 3.422221321459113064e+00
3.526947020119752807e-01 2.236505592320182423e+00
8.263509094386240150e+00 1.014731998469444640e+01
6.262789421334139739e+00 8.146600311642346881e+00
9.530490512536907488e+00 1.141430140284511374e+01
4.009981722252458525e+00 5.893792612560665667e+00
9.559954936864881958e+00 1.144376582717308821e+01
8.478185793883675103e+00 1.036199668419188136e+01
5.811956352383979230e+00 7.695767242692186372e+00
5.366819769403733176e+00 7.250630659711940318e+00
2.689441030152516454e+00 4.573251920460723596e+00
9.155357945037833289e+00 1.103916883534603954e+01
7.198416358225971479e+00 9.082227248534177733e+00
1.800993752490117616e+00 3.684804642798324537e+00
1.494969138423992705e+00 3.378780028732199625e+00
2.487704830245511811e+00 4.371515720553719397e+00
2.700494369516257542e+00 4.584305259824464684e+00
1.701022842063001361e+00 3.584833732371208725e+00
9.326936427289481912e+00 1.121074731759768817e+01
4.099462161126502302e+00 5.983273051434709444e+00
6.114918665493282113e+00 7.998729555801488367e+00
2.366189768046467190e+00 4.250000658354674776e+00
7.515238587473793697e-01 2.635334749055586734e+00
2.349055088369343736e+00 4.232865978677550878e+00
5.959268228716641858e+00 7.843079119024849000e+00
7.946526579862284834e+00 9.830337470170491088e+00
2.695182414131072068e+00 4.578993304439278766e+00
6.268458841124202596e-01 2.510656774420627180e+00
7.058020455644411939e+00 8.941831345952618193e+00
6.129980594621216916e+00 8.013791484929422282e+00
9.228886844272789602e+00 1.111269773458099586e+01
8.660481856586780935e+00 1.054429274689498719e+01
8.120772689119393206e-01 2.695888159220146463e+00
5.869603261092314561e+00 7.753414151400521703e+00
7.982895847325553795e+00 9.866706737633760937e+00
7.709797634650660925e+00 9.593608524958867179e+00
9.780839055024001638e+00 1.166464994533220789e+01
5.174154911400159484e+00 7.057965801708366627e+00
2.481983945901955479e+00 4.365794836210162622e+00
1.039889618589596720e+00 2.923700508897804085e+00
5.656565961233138928e+00 7.540376851541346070e+00
8.381515748920587150e-01 2.721962465200265857e+00
9.680628931669826187e+00 1.156443982197803244e+01
2.101806921165652042e+00 3.985617811473859184e+00
6.928579040555846724e+00 8.812389930864052090e+00
6.227378817136019151e+00 8.111189707444225405e+00
4.366220466928205646e-01 2.320432937001027707e+00
3.422785684512696935e+00 5.306596574820903633e+00
6.911919841300462330e+00 8.795730731608669473e+00
9.681947853832712170e+00 1.156575874414091842e+01
6.533490424006751951e+00 8.417301314314958205e+00
3.805078321221774473e+00 5.688889211529981615e+00
4.260271681354761419e+00 6.144082571662968562e+00
9.111689508182289288e+00 1.099550039849049554e+01
2.057406389810605418e+00 3.941217280118812560e+00
6.539092470400557744e+00 8.422903360708763998e+00
9.510840183759341926e+00 1.139465107406754818e+01
4.710537845213622177e+00 6.594348735521829319e+00
1.974840848197775278e+00 3.858651738505982642e+00
5.393063301568711054e+00 7.276874191876918196e+00
7.697376661406373444e+00 9.581187551714579698e+00
3.484132336648521289e+00 5.367943226956728431e+00
4.139792401813476630e+00 6.023603292121683772e+00
3.077759986380215196e+00 4.961570876688422338e+00
1.802638017339456278e+00 3.686448907647663198e+00
8.836135795236654822e-01 2.767424469831872624e+00
4.241979136911294468e+00 6.125790027219501610e+00
2.689485398786994885e-02 1.910705744296077313e+00
6.427719857007644144e+00 8.311530747315851286e+00
4.591819531403087851e+00 6.475630421711294993e+00
7.037732413684619104e+00 8.921543303992825358e+00
8.288955511992046610e-01 2.712706441507411803e+00
6.781630314094616807e+00 8.665441204402823061e+00
4.915249106530150680e-01 2.375335800961222432e+00
8.623057498062564719e+00 1.050686838837077097e+01
1.692148175499821328e+00 3.575959065808028470e+00
3.952058920309423407e+00 5.835869810617630549e+00
3.683708197576649468e+00 5.567519087884856610e+00
7.255451513030571675e+00 9.139262403338777929e+00
6.989003082320643934e-01 2.582711198540271536e+00
3.998330476905580522e+00 5.882141367213788108e+00
2.533405701702140522e-01 2.137151460478420972e+00
7.663789614101391479e+00 9.547600504409597733e+00
3.950988208311412286e-01 2.278909711139348371e+00
4.745425744789607769e+00 6.629236635097814911e+00
9.045982655667909711e+00 1.092979354597611596e+01
1.095033106481019258e+00 2.978843996789226622e+00
1.260741170597606819e+00 3.144552060905813740e+00
9.558131918784273040e+00 1.144194280909247929e+01
2.900758909335552360e+00 4.784569799643759502e+00
2.160441036256581793e+00 4.044251926564789379e+00
7.324267894891734798e+00 9.208078785199941052e+00
7.556180019660084568e+00 9.439990909968290822e+00
4.486637029257463993e+00 6.370447919565671135e+00
2.202766371960258596e+00 4.086577262268465738e+00
4.173328182653365026e+00 6.057139072961572168e+00
3.852114229250350519e+00 5.735925119558557661e+00
8.437035338642550286e+00 1.032084622895075654e+01
3.329230499346198524e+00 5.213041389654406110e+00
5.125380544769902791e+00 7.009191435078109933e+00
6.684284985231614407e-01 2.552239388831368583e+00
3.833760343487901956e+00 5.717571233796109098e+00
5.036122374032029114e+00 6.919933264340236256e+00
1.644635249939286892e+00 3.528446140247494256e+00
1.064922322076453653e+00 2.948733212384660796e+00
9.072860860467424349e-01 2.791096976354949355e+00
8.881848098545683357e+00 1.076565898885388961e+01
2.413444829749922249e-01 2.125155373283199367e+00
8.573674123149526594e+00 1.045748501345773285e+01
4.957326536043430210e+00 6.841137426351637352e+00
3.772310781354484277e+00 5.656121671662691419e+00
1.271764797753837106e+00 3.155575688062044470e+00
7.406172255600335319e+00 9.289983145908541573e+00
9.253912413486967026e+00 1.113772330379517328e+01
4.338421533653051831e+00 6.222232423961258974e+00
5.456498749052168584e+00 7.340309639360375726e+00
5.260441249224085070e+00 7.144252139532292212e+00
8.474340818961058730e+00 1.035815170926926498e+01
8.354455393969428822e-01 2.719256429705150246e+00
8.480890122694734856e+00 1.036470101300294111e+01
1.974609872557429036e+00 3.858420762865636178e+00
1.796280740312155011e+00 3.680091630620362153e+00
3.812673609979684297e+00 5.696484500287891883e+00
7.534163028780127558e-01 2.637227193186220120e+00
8.311166461010954798e-01 2.714927536409302622e+00
8.184740877475631393e+00 1.006855176778383765e+01
3.037035675144671210e+00 4.920846565452878352e+00
1.557766438384433627e-01 2.039587534146650505e+00
3.558953779794793437e-01 2.239706268287686264e+00
1.493540952292390367e+00 3.377351842600597287e+00
6.642113465991032584e+00 8.525924356299238838e+00
1.735352855623536472e+00 3.619163745931743392e+00
7.014592170647961034e+00 8.898403060956168176e+00
5.572255091438307772e+00 7.456065981746514915e+00
6.344251213478932172e+00 8.228062103787138426e+00
1.939795800147499083e+00 3.823606690455706225e+00
9.269684479940973887e+00 1.115349537024918014e+01
2.259162713926956556e+00 4.142973604235163698e+00
4.439596914190508947e+00 6.323407804498716089e+00
2.363132126502303976e+00 4.246943016810511118e+00
1.916261773270011570e+00 3.800072663578218712e+00
2.199258119306023218e+00 4.083069009614230360e+00
1.548219736593218210e+00 3.432030626901425130e+00
5.228168003161661304e+00 7.111978893469868446e+00
4.222645224677004983e+00 6.106456114985212125e+00
5.238788406260139752e+00 7.122599296568346894e+00
7.323288296001529751e+00 9.207099186309735117e+00
8.383844269412165318e+00 1.026765515972037157e+01
4.085913600335906892e+00 5.969724490644114034e+00
1.433557307939830050e+00 3.317368198248037192e+00
5.018409319486836218e+00 6.902220209795043360e+00
1.534657438163745669e+00 3.418468328471952589e+00
2.312749802751491224e+00 4.196560693059698366e+00
2.645358519954545962e+00 4.529169410262753104e+00
9.459561376709469727e+00 1.134337226701767598e+01
2.690144978010921228e+00 4.573955868319128371e+00
7.582843032961767094e+00 9.466653923269973347e+00
5.811431242821979204e+00 7.695242133130186346e+00
1.481168968472030834e+00 3.364979858780237976e+00
1.112508610818782051e+00 2.996319501126989415e+00
5.321473778402740606e+00 7.205284668710947749e+00
1.745756364324642096e+00 3.629567254632849238e+00
3.454747543792363373e+00 5.338558434100570516e+00
1.577735958577561881e+00 3.461546848885769023e+00
9.159425108279787509e+00 1.104323599858799376e+01
1.119803677465877056e+00 3.003614567774084421e+00
5.906482426455265333e+00 7.790293316763472475e+00
5.752649452175181644e+00 7.636460342483388786e+00
7.984202847741439513e-01 2.682231175082351093e+00
3.709567044937145397e+00 5.593377935245352539e+00
3.205214429993525016e+00 5.089025320301732158e+00
6.561855056882787807e+00 8.445665947190994061e+00
4.800747923044798249e+00 6.684558813353005391e+00
3.279340891709944472e+00 5.163151782018151614e+00
9.718676787273007989e+00 1.160248767758121424e+01
4.687286222694840632e+00 6.571097113003047774e+00
1.059450741647639527e+00 2.943261631955846447e+00
2.237485968900428723e+00 4.121296859208635865e+00
8.574706756992082290e+00 1.045851764730028854e+01
2.919032381255195485e+00 4.802843271563403071e+00
5.657499263174290860e+00 7.541310153482498002e+00
5.577811474297733607e-01 2.441592037737980725e+00
9.293602423093268783e+00 1.117741331340147504e+01
6.164264870257745166e+00 8.048075760565952308e+00
4.220968514242252390e+00 6.104779404550459532e+00
3.461336779520300055e+00 5.345147669828507198e+00
6.884303599447023636e+00 8.768114489755229002e+00
8.384448535507859290e+00 1.026825942581606554e+01
4.768086646745806068e-01 2.360619554982787527e+00
9.035222854252150881e+00 1.091903374456035714e+01
8.615193440521235146e+00 1.049900433082944140e+01
8.727073052283307319e-01 2.756518195536537874e+00
7.514806835269728147e+00 9.398617725577933513e+00
7.822252832608106665e+00 9.706063722916313807e+00
9.290991686967927876e+00 1.117480257727613413e+01
2.776002023360256921e+00 4.659812913668464063e+00
6.164969758652937060e+00 8.048780648961143314e+00
1.192003677694789543e+00 3.075814568002996907e+00
4.528605757650934649e+00 6.412416647959141791e+00
1.865119233063862181e+00 3.748930123372069545e+00
1.352415999419512849e+00 3.236226889727720213e+00
3.075682218326437400e+00 4.959493108634644543e+00
6.636468782734672445e+00 8.520279673042878699e+00
8.323564561227623670e+00 1.020737545153582992e+01
2.594705815057809506e+00 4.478516705366016204e+00
4.550988857101080143e+00 6.434799747409287285e+00
7.295845236371248710e+00 9.179656126679455852e+00
2.834316979166526806e+00 4.718127869474733949e+00
3.953512688651990015e+00 5.837323578960197601e+00
4.540401910051037326e+00 6.424212800359244468e+00
1.871578804851671274e+00 3.755389695159878194e+00
6.399866075047925484e+00 8.283676965356130850e+00
6.119468783100627363e+00 8.003279673408833617e+00
3.332444745987612755e+00 5.216255636295819897e+00
8.207437546193357747e+00 1.009124843650156400e+01
9.124960477523613278e+00 1.100877136783181953e+01
5.748076774447508086e+00 7.631887664755715228e+00
9.355762643369894604e+00 1.123957353367810086e+01
4.205041065348336105e+00 6.088851955656543247e+00
4.470590064871688973e+00 6.354400955179896116e+00
9.029269938145347396e+00 1.091308082845355365e+01
6.292369559692327030e+00 8.176180450000533284e+00
2.106853312490353236e+00 3.990664202798559934e+00
9.095224526850813618e+00 1.097903541715901987e+01
8.282718635035465127e+00 1.016652952534367138e+01
3.604413615356778511e+00 5.488224505664985209e+00
6.643091324306823253e+00 8.526902214615029507e+00
9.048072350879230896e+00 1.093188324118743715e+01
3.148256047868647212e+00 5.032066938176854798e+00
3.912367267440906016e+00 5.796178157749113602e+00
5.025544026228728534e+00 6.909354916536935676e+00
4.793730503529647358e-01 2.363183940661171878e+00
6.276554948075688145e+00 8.160365838383894399e+00
9.671952512675915159e+00 1.155576340298412141e+01
3.961035583234762125e-01 2.279914448631683577e+00
8.372870219418837578e+00 1.025668110972704383e+01
9.252620257325059328e+00 1.113643114763326558e+01
6.712740596455263997e+00 8.596551486763470251e+00
9.352817004064446493e+00 1.123662789437265275e+01
6.346802335316929167e+00 8.230613225625136309e+00
7.524291129685294344e+00 9.408102019993501486e+00
8.658760272426299309e+00 1.054257116273450556e+01
2.791795002091701505e-03 1.886602685310299066e+00
1.145926985934141440e+00 3.029737876242348804e+00
6.020138892191623015e+00 7.903949782499830157e+00
1.485910916472066301e+00 3.369721806780273443e+00
2.357333349791353783e+00 4.241144240099560925e+00
8.748318247528857228e+00 1.063212913783706348e+01
4.264053363529081153e+00 6.147864253837288295e+00
3.546817454759398025e+00 5.430628345067605167e+00
2.407724319281721925e+00 4.291535209589929067e+00
6.859763466235299312e+00 8.743574356543506454e+00
7.804757345040274963e+00 9.688568235348482105e+00
9.214532982233591962e-01 2.805264188531566560e+00
1.299814169468148650e+00 3.183625059776355570e+00
2.639080149538193254e+00 4.522891039846400396e+00
5.920535273283463518e+00 7.804346163591670660e+00
8.489331631257468480e-01 2.732744053433953990e+00
9.076811386646298274e+00 1.096062227695450453e+01
5.647695658441813649e+00 7.531506548750020791e+00
1.635871950058167545e+00 3.519682840366374688e+00
8.444813078596279610e+00 1.032862396890448586e+01
5.067930910322500537e+00 6.951741800630707679e+00
2.037482123464340322e+00 3.921293013772547020e+00
8.885347222221784413e-02 1.972664362530425208e+00
8.365569208182122907e+00 1.024938009849032916e+01
6.649522603676838450e+00 8.533333493985045592e+00
3.728494724414610495e-02 1.921095837552353025e+00
2.168204494522640857e+00 4.052015384830847999e+00
7.582036143511104775e+00 9.465847033819310141e+00
4.660600596125313189e+00 6.544411486433520331e+00
8.487467914567057292e+00 1.037127880487526355e+01
6.401473045707373188e-02 1.947825620765280874e+00
4.482730979946742522e+00 6.366541870254949664e+00
6.204231442952461428e+00 8.088042333260668570e+00
2.913932652753975283e+00 4.797743543062182425e+00
1.981390253054424733e+00 3.865201143362631875e+00
4.422648329968321690e+00 6.306459220276528832e+00
9.271148441751996927e+00 1.115495933206020318e+01
2.272692891505487811e+00 4.156503781813694509e+00
5.329385076960022616e+00 7.213195967268229758e+00
8.724725170656039808e+00 1.060853606096424606e+01
8.448891895452424805e+00 1.033270278576063106e+01
1.704603861388939157e+00 3.588414751697146521e+00
1.238213662053531117e+00 3.122024552361738259e+00
7.634180789275553991e+00 9.517991679583760245e+00
8.369081681570589737e+00 1.025289257187879599e+01
9.606125841957707578e+00 1.148993673226591383e+01
6.040565364257346914e+00 7.924376254565554056e+00
8.307662661316904007e+00 1.019147355162511026e+01
8.061055389110299174e+00 9.944866279418505428e+00
1.673397358977908311e+00 3.557208249286115453e+00
3.539624293943999245e+00 5.423435184252206831e+00
2.778146235141198961e-01 2.161625513822326816e+00
4.289353615373157069e+00 6.173164505681364211e+00
1.801774265777094097e+00 3.685585156085301239e+00
9.146143851419479276e+00 1.102995474172768553e+01
3.166969378691826265e+00 5.050780269000033407e+00
1.167085461745233088e+00 3.050896352053440452e+00
2.094219136121812319e+00 3.978030026430019461e+00
4.032944798987707635e+00 5.916755689295914777e+00
4.333437690982600010e-02 1.927145267218032920e+00
4.623144654328752878e+00 6.506955544636960020e+00
1.940068059984120241e+00 3.823878950292327161e+00
9.522067331847312133e+00 1.140587822215551839e+01
4.628963178209132501e+00 6.512774068517339643e+00
8.395929173149331959e+00 1.027974006345753821e+01
7.501427180862306976e+00 9.385238071170514118e+00
9.186940805698265322e+00 1.107075169600647158e+01
3.233685347808950894e+00 5.117496238117158036e+00
3.121878786441638631e+00 5.005689676749845773e+00
8.555317611166028513e+00 1.043912850147423477e+01
7.975659951801816305e+00 9.859470842110022559e+00
3.977177265310993803e+00 5.860988155619200946e+00
6.147707269458838830e+00 8.031518159767044196e+00
8.032385022477216197e+00 9.916195912785422450e+00
7.643621461504808146e+00 9.527432351813013511e+00
5.496378164627015117e+00 7.380189054935222259e+00
7.628059218092658966e+00 9.511870108400865220e+00
9.233713939262095494e+00 1.111752482957030175e+01
8.650314162382167993e+00 1.053412505269037425e+01
8.744768396829208257e+00 1.062857928713741451e+01
4.384202784993811441e+00 6.268013675302018584e+00
3.398663365471446873e+00 5.282474255779654015e+00
6.584456738786653496e+00 8.468267629094858862e+00
9.908417645400936280e+00 1.179222853570914253e+01
1.315129262553081935e+00 3.198940152861289299e+00
5.773274549099475905e+00 7.657085439407683047e+00
9.898976279205829343e+00 1.178278716951403560e+01
7.630876235860340806e+00 9.514687126168547948e+00
2.986475259685017480e-01 2.182458416276708668e+00
1.260121846891398834e+00 3.143932737199605754e+00
1.207009778972975012e+00 3.090820669281182376e+00
6.777691469741219166e+00 8.661502360049425420e+00
2.197523712567686971e+00 4.081334602875894113e+00
1.291101602580830843e+00 3.174912492889037985e+00
3.910155236324262873e+00 5.793966126632470015e+00
4.116744415226779807e+00 6.000555305534986950e+00
4.738463125225889083e-01 2.357657202830796273e+00
7.480964945947707889e+00 9.364775836255914143e+00
7.422487004147782841e+00 9.306297894455989095e+00
5.658370879861199576e+00 7.542181770169406718e+00
6.130207746359253029e+00 8.014018636667460171e+00
6.872215906223722026e-01 2.571032480930579567e+00
6.079216315269265536e+00 7.963027205577472678e+00
1.074132317900363676e+00 2.957943208208570596e+00
6.723816227465533757e+00 8.607627117773740011e+00
8.729637613202033464e+00 1.061344850351023972e+01
7.695874416059552914e+00 9.579685306367759168e+00
2.769449310598606218e+00 4.653260200906813360e+00
1.190914650868930558e+00 3.074725541177137700e+00
1.356656975293478729e+00 3.240467865601686093e+00
5.703179047775640775e+00 7.586989938083847917e+00
4.197981883464818154e+00 6.081792773773025296e+00
7.224279604192087589e+00 9.108090494500293843e+00
1.080271178412106625e-01 1.991838008149417583e+00
6.862359718377556206e+00 8.746170608685762460e+00
2.372876546138364962e+00 4.256687436446571660e+00
3.632770052053646559e-02 1.920138590828743830e+00
7.095012327651261330e+00 8.978823217959467584e+00
1.349562881732976338e+00 3.233373772041183258e+00
3.386309554441182534e+00 5.270120444749389677e+00
9.799543556954485979e+00 1.168335444726269223e+01
3.268632452164537128e+00 5.152443342472744270e+00
2.260383342945460061e+00 4.144194233253666759e+00
7.050605414699536055e+00 8.934416305007742309e+00
6.939712070116970999e+00 8.823522960425178141e+00
7.870183183120430748e+00 9.753994073428637890e+00
3.024825304377827262e+00 4.908636194686034848e+00
7.815744796021712126e+00 9.699555686329917492e+00
4.790325404201998261e+00 6.674136294510205403e+00
8.966455977775867225e+00 1.085026686808407348e+01
7.320412844145285369e-01 2.615852174722735679e+00
5.749294206379135019e+00 7.633105096687342161e+00
5.931070666541105929e+00 7.814881556849313071e+00
9.411443631261789733e+00 1.129525452156999599e+01
5.481143364088021386e+00 7.364954254396228528e+00
9.734748814155562258e+00 1.161855970446376851e+01
9.142042415532499078e+00 1.102585330584070533e+01
2.945560228987038620e+00 4.829371119295245762e+00
2.829307107230896179e+00 4.713117997539103321e+00
3.851074079759957414e+00 5.734884970068164556e+00
7.961669197823814770e+00 9.845480088132021024e+00
5.517662146221110397e+00 7.401473036529317540e+00
4.208848375073226400e-01 2.304695727815529782e+00
3.492660266100400257e-02 1.918737492969211367e+00
4.366433372666041812e+00 6.250244262974248954e+00
4.143831721443710592e+00 6.027642611751917734e+00
4.282321103186166766e+00 6.166131993494373909e+00
8.974220104656648545e+00 1.085803099496485480e+01
2.985420696511075001e+00 4.869231586819282143e+00
2.459991467123724185e+00 4.343802357431931327e+00
5.040544314267672021e+00 6.924355204575879164e+00
3.444122874489322861e+00 5.327933764797530003e+00
5.331831489678895863e+00 7.215642379987103006e+00
1.509849534342962984e+00 3.393660424651169905e+00
2.378900465377063789e+00 4.262711355685270931e+00
9.107455948563139003e+00 1.099126683887134526e+01
7.749230902616602634e+00 9.633041792924808888e+00
7.670292928720808590e+00 9.554103819029014844e+00
2.552202644458387848e+00 4.436013534766595434e+00
5.005883019839125758e+00 6.889693910147332900e+00
7.131615301270981533e+00 9.015426191579187787e+00
6.703808812423066144e+00 8.587619702731272398e+00
3.273538748259827713e+00 5.157349638568034855e+00
3.218392059461013588e+00 5.102202949769220730e+00
4.108119626220584131e+00 5.991930516528791273e+00
4.474726365139694906e+00 6.358537255447902048e+00
6.280003298774126108e+00 8.163814189082332362e+00
3.796911888216485398e+00 5.680722778524692096e+00
3.203429540995528235e+00 5.087240431303735377e+00
5.258799623405971069e+00 7.142610513714178211e+00
7.975673041757291859e-01 2.681378194483936106e+00
4.397872249797663002e+00 6.281683140105870145e+00
8.094061655847305303e+00 9.977872546155511557e+00
2.713008713990289422e+00 4.596819604298496564e+00
3.503999694292422085e+00 5.387810584600629227e+00
9.427238736773361438e+00 1.131104962708156769e+01
1.919287672104560416e+00 3.803098562412767336e+00
2.443225265423657255e+00 4.327036155731864397e+00
8.497950196811624224e+00 1.038176108711983048e+01
6.607760883185143097e-01 2.544586978626721674e+00
4.895504627774835527e+00 6.779315518083042669e+00
7.458954541620244072e-01 2.629706344470231549e+00
8.263005250052469108e+00 1.014681614036067536e+01
4.689801101096296776e+00 6.573611991404503918e+00
5.085051097170682155e+00 6.968861987478889297e+00
7.023740513365117621e-01 2.586184941644718904e+00
8.772496651278949287e-01 2.761060555436102071e+00
7.279944455566234041e-02 1.956610334863869483e+00
9.183596512976981430e+00 1.106740740328518768e+01
2.793084824875299077e+00 4.676895715183506219e+00
6.379931316383125939e+00 8.263742206691331305e+00
7.681697313583027764e+00 9.565508203891234018e+00
8.275404164460590906e+00 1.015921505476879716e+01
4.051350717601590823e+00 5.935161607909797965e+00
8.721908957899932702e+00 1.060571984820813896e+01
5.873170918780927785e+00 7.756981809089134927e+00
7.026519396676062179e+00 8.910330286984267545e+00
6.519439043980185033e+00 8.403249934288391287e+00
8.513534977393334202e+00 1.039734586770154046e+01
2.800540438585867875e+00 4.684351328894075017e+00
1.224871675273648819e+00 3.108682565581855961e+00
3.376683460679274162e+00 5.260494350987481305e+00
2.905377904843201797e+00 4.789188795151408939e+00
9.493748612153247279e+00 1.137755950246145353e+01
7.348859466270986296e+00 9.232670356579193438e+00
4.404343678443837007e+00 6.288154568752044149e+00
8.951119904096133340e+00 1.083493079440433959e+01
9.201167247060446641e+00 1.108497813736865290e+01
9.552592820241352811e+00 1.143640371054955907e+01
6.692652607500193529e-01 2.553076151058226273e+00
3.062412203688729129e+00 4.946223093996936271e+00
1.398818648670974163e-02 1.897799076794917106e+00
1.080192907027752725e+00 2.964003797335959867e+00
6.367582404621408010e-01 2.520569130770347943e+00
8.887573052881219127e+00 1.077138394318942538e+01
8.035815282684952265e+00 9.919626172993158519e+00
1.367453471581290270e+00 3.251264361889497412e+00
4.180443263994573222e+00 6.064254154302780364e+00
9.916873125023717428e-01 2.875498202810578885e+00
8.778905132912473874e+00 1.066271602322068013e+01
2.936533449517597649e+00 4.820344339825804347e+00
3.178946247691778471e+00 5.062757137999985169e+00
6.089465635069232441e+00 7.973276525377438695e+00
4.081467852798129847e+00 5.965278743106336989e+00
5.050640162665299471e+00 6.934451052973506613e+00
9.656992232580710933e+00 1.154080312288891719e+01
1.012930100689409807e+00 2.896740990997616727e+00
1.352634261989336117e+00 3.236445152297543260e+00
6.475724423973664656e+00 8.359535314281870910e+00
8.520679702633012553e+00 1.040449059294121881e+01
7.300355043637730468e+00 9.184165933945935834e+00
2.204906024881129412e+00 4.088716915189336554e+00
3.380414914651238334e+00 5.264225804959445476e+00
7.362769050468229715e+00 9.246579940776436857e+00
8.215167507790488433e-01 2.705327641087255763e+00
4.776187880959285259e+00 6.659998771267492401e+00
5.935516390565886979e-02 1.943166054213866012e+00
3.511350570129453175e+00 5.395161460437660317e+00
7.125468485051877465e+00 9.009279375360083719e+00
4.302479115043657210e+00 6.186290005351864352e+00
2.828946305775889236e+00 4.712757196084096378e+00
7.015970779811921076e+00 8.899781670120127330e+00
7.828538362017098962e+00 9.712349252325305216e+00
2.271213166801410388e+00 4.155024057109617530e+00
1.313155083341623897e+00 3.196965973649831039e+00
5.461488002399450536e+00 7.345298892707657679e+00
1.377131085881222461e-02 1.897582201167019367e+00
4.052905870327194737e-01 2.289101477340926394e+00
5.820985489980103900e+00 7.704796380288311042e+00
2.120572475029288917e+00 4.004383365337496059e+00
3.767286454304358045e+00 5.651097344612565188e+00
7.256422305804903772e+00 9.140233196113110026e+00
2.326323810378655210e+00 4.210134700686862352e+00
6.677092288074951476e+00 8.560903178383158618e+00
6.346323786651884014e+00 8.230134676960089379e+00
6.596284199272326454e+00 8.480095089580531820e+00
1.004909403056185591e+00 2.888720293364392511e+00
9.779557880108669110e-01 2.861766678319074053e+00
1.284396562309846335e+00 3.168207452618053477e+00
3.710512677553912120e-01 2.254862158063598354e+00
7.267563889103767494e-01 2.610567279218583892e+00
9.117265363601731565e+00 1.100107625390993782e+01
6.752534070525413767e+00 8.636344960833620021e+00
9.734843283424602589e+00 1.161865417373280884e+01
7.717016450191644061e+00 9.600827340499849427e+00
2.153900629014805723e+00 4.037711519323012865e+00
5.362646097820883639e+00 7.246456988129090782e+00
5.486664011604879931e+00 7.370474901913087074e+00
9.214448022385411718e+00 1.109825891269361797e+01
8.120057488250381539e+00 1.000386837855858779e+01
8.749810342781966455e+00 1.063362123309017271e+01
6.739879191393537639e+00 8.623690081701743892e+00
1.757704736732612627e+00 3.641515627040819769e+00
7.684138259079209554e+00 9.567949149387414920e+00
3.079524977088196280e+00 4.963335867396403422e+00
1.343336860902717422e+00 3.227147751210924564e+00
9.718540511582306252e+00 1.160235140189051251e+01
9.473419546470863040e+00 1.135723043677906929e+01
6.006135472977146783e+00 7.889946363285353037e+00
7.883472917808356684e+00 9.767283808116562938e+00
6.331491070193195903e-01 2.516959997327526732e+00
4.496163254383280794e+00 6.379974144691487936e+00
8.978001962152604154e-01 2.781611086523467335e+00
1.826623708423567027e+00 3.710434598731774170e+00
4.359802620918088678e+00 6.243613511226295820e+00
8.317329101938952363e+00 1.020113999224715862e+01
3.515848127172892745e+00 5.399659017481099887e+00
1.450907757178140356e+00 3.334718647486347720e+00
9.351531330971527112e+00 1.123534222127973337e+01
3.852725001805727967e+00 5.736535892113935553e+00
2.766845501630266213e-01 2.160495440471233763e+00
9.664868840260785632e+00 1.154867973056899189e+01
7.048347551389381849e+00 8.932158441697588103e+00
7.211911504429291409e-01 2.605002040751136505e+00
2.617153768796668167e+00 4.500964659104875309e+00
6.261434280898965810e+00 8.145245171207172064e+00
1.602864066801639176e+00 3.486674957109846318e+00
4.868863026607711753e+00 6.752673916915918895e+00
1.683877885211796377e+00 3.567688775520003297e+00
5.563794598306420980e+00 7.447605488614628122e+00
1.697594199715386498e+00 3.581405090023593640e+00
9.980386435583188387e-02 1.983614754664039026e+00
2.928227371795277811e-01 2.176633627487734923e+00
1.971026918719090970e+00 3.854837809027298334e+00
7.830052857952861878e+00 9.713863748261067244e+00
4.731234151685351996e+00 6.615045041993559138e+00
9.728109913456579605e+00 1.161192080376478586e+01
4.773810454906108447e+00 6.657621345214315589e+00
1.900655292073356595e+00 3.784466182381563737e+00
2.122903397118987012e+00 4.006714287427194598e+00
4.451197735658171339e+00 6.335008625966378482e+00
4.062941990737048314e+00 5.946752881045255457e+00
4.246108334538099882e+00 6.129919224846307024e+00
1.585742538029811799e+00 3.469553428338018719e+00
2.279694689684728992e+00 4.163505579992936134e+00
8.597845602855812785e+00 1.048165649316401904e+01
7.566594914643355096e+00 9.450405804951561350e+00
4.670588874390009693e+00 6.554399764698216835e+00
8.229760133652536780e+00 1.011357102396074303e+01
3.020363479000377716e+00 4.904174369308584858e+00
1.047653472255105633e-02 1.894287425030758421e+00
8.981355754844557282e+00 1.086516664515276354e+01
4.145348093802350142e+00 6.029158984110557284e+00
4.568905526206421541e+00 6.452716416514628683e+00
4.821444516227614052e+00 6.705255406535821194e+00
7.897921394354041169e+00 9.781732284662247423e+00
6.662581355942793770e+00 8.546392246251000913e+00
7.398308798050599933e+00 9.282119688358806187e+00
6.281860803255467918e-01 2.511996970633753712e+00
3.277798746627987647e+00 5.161609636936194789e+00
7.390283329727605377e+00 9.274094220035811631e+00
4.602147747343519946e+00 6.485958637651727088e+00
7.917880830111521995e+00 9.801691720419727361e+00
3.484072403508344795e+00 5.367883293816551493e+00
6.373035795956310423e+00 8.256846686264516677e+00
8.053079958751128586e+00 9.936890849059334840e+00
9.058105485302197835e+00 1.094191637561040409e+01
4.968582852567231534e+00 6.852393742875438676e+00
7.813026018519297899e-01 2.665113492160136932e+00
3.386457316810379758e+00 5.270268207118586901e+00
1.247593963776416626e-01 2.008570286685849027e+00
8.745122927740938579e+00 1.062893381804914483e+01
9.429738598416738782e+00 1.131354948872494504e+01
6.969743369521203213e+00 8.853554259829410356e+00
1.552583331955601498e+00 3.436394222263808640e+00
1.566957839442573164e-01 2.040506674252464236e+00
4.479586682587384239e+00 6.363397572895591381e+00
2.421511090382675313e+00 4.305321980690882455e+00
9.353992228173801937e-01 2.819210113125587114e+00
2.856528282965802301e+00 4.740339173274009887e+00
1.332821454149040186e+00 3.216632344457247328e+00
2.047380877607791749e+00 3.931191767915998447e+00
6.649698593264030677e-01 2.548780749634610210e+00
1.842825418948119687e+00 3.726636309256326829e+00
6.519716886054296445e+00 8.403527776362503587e+00
9.815770947063853669e+00 1.169958183737205992e+01
7.879473726882886275e+00 9.763284617191091641e+00
8.886459286621310127e+00 1.077027017692951638e+01
3.540045389547450405e+00 5.423856279855657547e+00
2.749106807907172545e+00 4.632917698215379687e+00
8.882784599606063924e-01 2.772089350268813313e+00
1.930074821690264120e+00 3.813885711998471262e+00
2.092982459143942542e+00 3.976793349452149684e+00
9.547815082543291254e+00 1.143162597285149751e+01
4.383785470304557563e+00 6.267596360612764705e+00
9.824577608803064521e+00 1.170838849911127078e+01
1.801871054725251442e+00 3.685681945033458362e+00
1.958430976630166631e+00 3.842241866938373995e+00
5.013093370244787295e+00 6.896904260552994437e+00
8.704006721741709640e+00 1.058781761204991589e+01
5.391701801756278556e+00 7.275512692064485698e+00
6.423523665051777964e-01 2.526163256813385161e+00
4.695133902199247977e+00 6.578944792507455119e+00
9.275148155184329113e+00 1.115895904549253537e+01
2.553727720004320467e+00 4.437538610312527609e+00
1.797321632126042124e+00 3.681132522434249488e+00
7.696064565750409869e+00 9.579875456058616123e+00
4.319433609086474668e+00 6.203244499394681810e+00
5.669851877623523606e+00 7.553662767931730748e+00
2.484265503137818243e+00 4.368076393446025385e+00
4.925774809264589216e+00 6.809585699572796358e+00
2.441002023790450615e+00 4.324812914098657757e+00
6.744921082365131326e+00 8.628731972673337580e+00
9.034722294799056641e+00 1.091853318510726290e+01
7.648346839242501360e+00 9.532157729550707614e+00
9.639228548970546484e+00 1.152303943927875274e+01
4.079149189028719924e+00 5.962960079336927066e+00
3.981650327611065965e+00 5.865461217919272663e+00
2.421314754415782922e+00 4.305125644723990064e+00
8.434154971156127445e+00 1.031796586146433370e+01
4.895616869281916195e+00 6.779427759590123337e+00
4.067731050719498143e+00 5.951541941027705285e+00
9.820523775302948621e+00 1.170433466561115488e+01
6.263735701960381874e+00 8.147546592268588128e+00
2.435921893184831433e+00 4.319732783493038575e+00
3.157492819930686423e+00 5.041303710238893565e+00
5.022666419360263035e+00 6.906477309668470177e+00
6.393313125596467472e+00 8.277124015904673726e+00
8.681393283462824684e+00 1.056520417377103094e+01
6.486930402375012505e+00 8.370741292683218759e+00
3.533854914711530348e+00 5.417665805019737491e+00
5.186850902897842452e+00 7.070661793206049595e+00
6.052520523481757841e+00 7.936331413789964095e+00
9.000092959828734251e+00 1.088390385013694051e+01
4.318887432960272221e+00 6.202698323268479363e+00
9.389202791982153684e+00 1.127301368229035994e+01
6.781895215900108020e+00 8.665706106208313386e+00
9.818422438604727631e+00 1.170223332891293389e+01
2.423135390471094830e+00 4.306946280779301972e+00
6.850889132426826400e+00 8.734700022735031766e+00
4.981284291272526588e+00 6.865095181580733730e+00
7.824383920076241061e+00 9.708194810384446427e+00
9.393304572286133691e+00 1.127711546259433995e+01
1.508013752409185226e+00 3.391824642717392368e+00
4.404870034719088334e-01 2.324297893780116198e+00
8.941942081748569748e+00 1.082575297205677600e+01
2.555326774554556035e-01 2.139343567763662968e+00
3.553475266287844381e+00 5.437286156596051079e+00
4.586291793418878271e+00 6.470102683727085413e+00
7.560819544522296098e+00 9.444630434830502352e+00
8.333372309018624691e+00 1.021718319932683094e+01
7.301752503447218601e+00 9.185563393755424855e+00
8.837352729055159006e-01 2.767546163213722821e+00
9.042747769547803571e+00 1.092655865985600983e+01
5.426497711201363927e+00 7.310308601509571069e+00
5.877308387370056231e+00 7.761119277678263373e+00
6.390318500458872286e+00 8.274129390767077652e+00
5.793412705777761573e+00 7.677223596085968715e+00
5.882406525043748502e+00 7.766217415351955644e+00
4.921349435863588972e+00 6.805160326171796115e+00
9.465602731328166541e+00 1.134941362163637280e+01
5.393837432494388295e+00 7.277648322802595438e+00
8.344932648146485832e-01 2.718304155122855725e+00
9.399387298954000158e+00 1.128319818926220641e+01
2.392149775440919335e+00 4.275960665749126477e+00
5.542755896868921894e+00 7.426566787177129036e+00
2.103500120300760834e+00 3.987311010608967976e+00
1.844804690449844964e+00 3.728615580758051884e+00
7.568921669324313317e-01 2.640703057240638252e+00
8.563729333212604544e+00 1.044754022352081080e+01
2.619432922798856644e+00 4.503243813107063787e+00
